{"/home/travis/build/npmtest/node-npmtest-tabletop/test.js":{"path":"/home/travis/build/npmtest/node-npmtest-tabletop/test.js","s":{"1":2,"2":2,"3":2,"4":2,"5":2,"6":2,"7":2,"8":1,"9":2,"10":2,"11":1,"12":1,"13":1,"14":1,"15":2,"16":2,"17":2,"18":2,"19":1,"20":1,"21":2,"22":2,"23":2,"24":1,"25":1,"26":1,"27":1,"28":1,"29":1,"30":1,"31":1,"32":1,"33":1,"34":1,"35":1,"36":1,"37":1,"38":1,"39":2,"40":2,"41":1,"42":2,"43":2,"44":1,"45":2,"46":2,"47":1,"48":2,"49":2,"50":1,"51":1,"52":1,"53":1,"54":1},"b":{"1":[2,1,1,1],"2":[1,1,1,1],"3":[1,1],"4":[1,1],"5":[1,1],"6":[1,1],"7":[1,1],"8":[1,1],"9":[1,1],"10":[1,1,1],"11":[1,1],"12":[1,1],"13":[1,1],"14":[1,1],"15":[1,1],"16":[1,1],"17":[1,1]},"f":{"1":2,"2":2,"3":2,"4":2,"5":2,"6":1,"7":1,"8":1,"9":2,"10":2,"11":2,"12":2,"13":1},"fnMap":{"1":{"name":"(anonymous_1)","line":12,"loc":{"start":{"line":12,"column":1},"end":{"line":12,"column":13}}},"2":{"name":"(anonymous_2)","line":19,"loc":{"start":{"line":19,"column":5},"end":{"line":19,"column":17}}},"3":{"name":"(anonymous_3)","line":23,"loc":{"start":{"line":23,"column":24},"end":{"line":23,"column":36}}},"4":{"name":"(anonymous_4)","line":61,"loc":{"start":{"line":61,"column":5},"end":{"line":61,"column":17}}},"5":{"name":"(anonymous_5)","line":82,"loc":{"start":{"line":82,"column":5},"end":{"line":82,"column":17}}},"6":{"name":"(anonymous_6)","line":91,"loc":{"start":{"line":91,"column":77},"end":{"line":94,"column":10}}},"7":{"name":"(anonymous_7)","line":112,"loc":{"start":{"line":112,"column":83},"end":{"line":115,"column":10}},"skip":true},"8":{"name":"(anonymous_8)","line":123,"loc":{"start":{"line":123,"column":77},"end":{"line":126,"column":10}},"skip":true},"9":{"name":"(anonymous_9)","line":139,"loc":{"start":{"line":139,"column":12},"end":{"line":139,"column":40}},"skip":true},"10":{"name":"(anonymous_10)","line":147,"loc":{"start":{"line":147,"column":77},"end":{"line":150,"column":10}},"skip":true},"11":{"name":"(anonymous_11)","line":158,"loc":{"start":{"line":158,"column":83},"end":{"line":161,"column":10}},"skip":true},"12":{"name":"(anonymous_12)","line":169,"loc":{"start":{"line":169,"column":79},"end":{"line":172,"column":10}},"skip":true},"13":{"name":"(anonymous_13)","line":180,"loc":{"start":{"line":180,"column":75},"end":{"line":183,"column":10}},"skip":true}},"statementMap":{"1":{"start":{"line":12,"column":0},"end":{"line":195,"column":5}},"2":{"start":{"line":14,"column":4},"end":{"line":14,"column":14}},"3":{"start":{"line":19,"column":4},"end":{"line":56,"column":9}},"4":{"start":{"line":21,"column":8},"end":{"line":21,"column":19}},"5":{"start":{"line":23,"column":8},"end":{"line":35,"column":13}},"6":{"start":{"line":24,"column":12},"end":{"line":34,"column":13}},"7":{"start":{"line":25,"column":16},"end":{"line":28,"column":30}},"8":{"start":{"line":30,"column":16},"end":{"line":33,"column":27}},"9":{"start":{"line":37,"column":8},"end":{"line":39,"column":21}},"10":{"start":{"line":40,"column":8},"end":{"line":53,"column":9}},"11":{"start":{"line":43,"column":12},"end":{"line":46,"column":14}},"12":{"start":{"line":47,"column":12},"end":{"line":47,"column":18}},"13":{"start":{"line":50,"column":12},"end":{"line":51,"column":46}},"14":{"start":{"line":52,"column":12},"end":{"line":52,"column":18}},"15":{"start":{"line":55,"column":8},"end":{"line":55,"column":35}},"16":{"start":{"line":61,"column":4},"end":{"line":63,"column":9}},"17":{"start":{"line":62,"column":8},"end":{"line":62,"column":15}},"18":{"start":{"line":64,"column":4},"end":{"line":77,"column":5}},"19":{"start":{"line":70,"column":8},"end":{"line":70,"column":14}},"20":{"start":{"line":76,"column":8},"end":{"line":76,"column":14}},"21":{"start":{"line":82,"column":4},"end":{"line":84,"column":9}},"22":{"start":{"line":83,"column":8},"end":{"line":83,"column":15}},"23":{"start":{"line":85,"column":4},"end":{"line":194,"column":5}},"24":{"start":{"line":91,"column":8},"end":{"line":99,"column":10}},"25":{"start":{"line":98,"column":12},"end":{"line":98,"column":35}},"26":{"start":{"line":102,"column":8},"end":{"line":104,"column":63}},"27":{"start":{"line":105,"column":8},"end":{"line":105,"column":14}},"28":{"start":{"line":112,"column":8},"end":{"line":121,"column":10},"skip":true},"29":{"start":{"line":119,"column":12},"end":{"line":119,"column":55},"skip":true},"30":{"start":{"line":120,"column":12},"end":{"line":120,"column":48},"skip":true},"31":{"start":{"line":123,"column":8},"end":{"line":136,"column":10},"skip":true},"32":{"start":{"line":130,"column":12},"end":{"line":130,"column":76},"skip":true},"33":{"start":{"line":131,"column":12},"end":{"line":131,"column":73},"skip":true},"34":{"start":{"line":132,"column":12},"end":{"line":132,"column":74},"skip":true},"35":{"start":{"line":133,"column":12},"end":{"line":133,"column":79},"skip":true},"36":{"start":{"line":134,"column":12},"end":{"line":134,"column":25},"skip":true},"37":{"start":{"line":135,"column":12},"end":{"line":135,"column":45},"skip":true},"38":{"start":{"line":138,"column":8},"end":{"line":145,"column":14},"skip":true},"39":{"start":{"line":143,"column":16},"end":{"line":143,"column":29},"skip":true},"40":{"start":{"line":144,"column":16},"end":{"line":144,"column":55},"skip":true},"41":{"start":{"line":147,"column":8},"end":{"line":156,"column":10},"skip":true},"42":{"start":{"line":154,"column":12},"end":{"line":154,"column":25},"skip":true},"43":{"start":{"line":155,"column":12},"end":{"line":155,"column":45},"skip":true},"44":{"start":{"line":158,"column":8},"end":{"line":167,"column":10},"skip":true},"45":{"start":{"line":165,"column":12},"end":{"line":165,"column":25},"skip":true},"46":{"start":{"line":166,"column":12},"end":{"line":166,"column":48},"skip":true},"47":{"start":{"line":169,"column":8},"end":{"line":178,"column":10},"skip":true},"48":{"start":{"line":176,"column":12},"end":{"line":176,"column":25},"skip":true},"49":{"start":{"line":177,"column":12},"end":{"line":177,"column":46},"skip":true},"50":{"start":{"line":180,"column":8},"end":{"line":189,"column":10},"skip":true},"51":{"start":{"line":187,"column":12},"end":{"line":187,"column":94},"skip":true},"52":{"start":{"line":188,"column":12},"end":{"line":188,"column":48},"skip":true},"53":{"start":{"line":192,"column":8},"end":{"line":192,"column":35},"skip":true},"54":{"start":{"line":193,"column":8},"end":{"line":193,"column":14},"skip":true}},"branchMap":{"1":{"line":25,"type":"binary-expr","locations":[{"start":{"line":25,"column":23},"end":{"line":25,"column":62}},{"start":{"line":26,"column":20},"end":{"line":26,"column":70}},{"start":{"line":27,"column":20},"end":{"line":27,"column":71}},{"start":{"line":28,"column":20},"end":{"line":28,"column":29}}]},"2":{"line":30,"type":"binary-expr","locations":[{"start":{"line":30,"column":23},"end":{"line":30,"column":37}},{"start":{"line":31,"column":20},"end":{"line":31,"column":61}},{"start":{"line":32,"column":20},"end":{"line":32,"column":70}},{"start":{"line":33,"column":20},"end":{"line":33,"column":26}}]},"3":{"line":37,"type":"cond-expr","locations":[{"start":{"line":38,"column":14},"end":{"line":38,"column":20}},{"start":{"line":39,"column":14},"end":{"line":39,"column":20}}]},"4":{"line":40,"type":"switch","locations":[{"start":{"line":42,"column":8},"end":{"line":47,"column":18}},{"start":{"line":49,"column":8},"end":{"line":52,"column":18}}]},"5":{"line":44,"type":"binary-expr","locations":[{"start":{"line":44,"column":16},"end":{"line":44,"column":44}},{"start":{"line":44,"column":48},"end":{"line":44,"column":66}}]},"6":{"line":50,"type":"binary-expr","locations":[{"start":{"line":50,"column":21},"end":{"line":50,"column":49}},{"start":{"line":50,"column":53},"end":{"line":50,"column":72}}]},"7":{"line":64,"type":"switch","locations":[{"start":{"line":69,"column":4},"end":{"line":70,"column":14}},{"start":{"line":75,"column":4},"end":{"line":76,"column":14}}]},"8":{"line":85,"type":"switch","locations":[{"start":{"line":90,"column":4},"end":{"line":105,"column":14}},{"start":{"line":111,"column":4},"end":{"line":193,"column":14},"skip":true}]},"9":{"line":91,"type":"binary-expr","locations":[{"start":{"line":91,"column":42},"end":{"line":91,"column":73}},{"start":{"line":91,"column":77},"end":{"line":99,"column":9}}]},"10":{"line":102,"type":"binary-expr","locations":[{"start":{"line":102,"column":18},"end":{"line":102,"column":32}},{"start":{"line":103,"column":12},"end":{"line":103,"column":53}},{"start":{"line":104,"column":12},"end":{"line":104,"column":61}}]},"11":{"line":112,"type":"binary-expr","locations":[{"start":{"line":112,"column":45},"end":{"line":112,"column":79},"skip":true},{"start":{"line":112,"column":83},"end":{"line":121,"column":9},"skip":true}]},"12":{"line":123,"type":"binary-expr","locations":[{"start":{"line":123,"column":42},"end":{"line":123,"column":73},"skip":true},{"start":{"line":123,"column":77},"end":{"line":136,"column":9},"skip":true}]},"13":{"line":138,"type":"binary-expr","locations":[{"start":{"line":138,"column":48},"end":{"line":138,"column":85},"skip":true},{"start":{"line":139,"column":12},"end":{"line":145,"column":13},"skip":true}]},"14":{"line":147,"type":"binary-expr","locations":[{"start":{"line":147,"column":42},"end":{"line":147,"column":73},"skip":true},{"start":{"line":147,"column":77},"end":{"line":156,"column":9},"skip":true}]},"15":{"line":158,"type":"binary-expr","locations":[{"start":{"line":158,"column":45},"end":{"line":158,"column":79},"skip":true},{"start":{"line":158,"column":83},"end":{"line":167,"column":9},"skip":true}]},"16":{"line":169,"type":"binary-expr","locations":[{"start":{"line":169,"column":43},"end":{"line":169,"column":75},"skip":true},{"start":{"line":169,"column":79},"end":{"line":178,"column":9},"skip":true}]},"17":{"line":180,"type":"binary-expr","locations":[{"start":{"line":180,"column":41},"end":{"line":180,"column":71},"skip":true},{"start":{"line":180,"column":75},"end":{"line":189,"column":9},"skip":true}]}},"code":["/* istanbul instrument in package npmtest_tabletop */","/*jslint","    bitwise: true,","    browser: true,","    maxerr: 8,","    maxlen: 96,","    node: true,","    nomen: true,","    regexp: true,","    stupid: true","*/","(function () {","    'use strict';","    var local;","","","","    // run shared js-env code - pre-init","    (function () {","        // init local","        local = {};","        // init modeJs","        local.modeJs = (function () {","            try {","                return typeof navigator.userAgent === 'string' &&","                    typeof document.querySelector('body') === 'object' &&","                    typeof XMLHttpRequest.prototype.open === 'function' &&","                    'browser';","            } catch (errorCaughtBrowser) {","                return module.exports &&","                    typeof process.versions.node === 'string' &&","                    typeof require('http').createServer === 'function' &&","                    'node';","            }","        }());","        // init global","        local.global = local.modeJs === 'browser'","            ? window","            : global;","        switch (local.modeJs) {","        // re-init local from window.local","        case 'browser':","            local = local.global.utility2.objectSetDefault(","                local.global.utility2_rollup || local.global.local,","                local.global.utility2","            );","            break;","        // re-init local from example.js","        case 'node':","            local = (local.global.utility2_rollup || require('utility2'))","                .requireExampleJsFromReadme();","            break;","        }","        // export local","        local.global.local = local;","    }());","","","","    // run shared js-env code - function","    (function () {","        return;","    }());","    switch (local.modeJs) {","","","","    // run browser js-env code - function","    case 'browser':","        break;","","","","    // run node js-env code - function","    case 'node':","        break;","    }","","","","    // run shared js-env code - post-init","    (function () {","        return;","    }());","    switch (local.modeJs) {","","","","    // run browser js-env code - post-init","    case 'browser':","        local.testCase_browser_nullCase = local.testCase_browser_nullCase || function (","            options,","            onError","        ) {","        /*","         * this function will test browsers's null-case handling-behavior-behavior","         */","            onError(null, options);","        };","","        // run tests","        local.nop(local.modeTest &&","            document.querySelector('#testRunButton1') &&","            document.querySelector('#testRunButton1').click());","        break;","","","","    // run node js-env code - post-init","    /* istanbul ignore next */","    case 'node':","        local.testCase_buildApidoc_default = local.testCase_buildApidoc_default || function (","            options,","            onError","        ) {","        /*","         * this function will test buildApidoc's default handling-behavior-behavior","         */","            options = { modulePathList: module.paths };","            local.buildApidoc(options, onError);","        };","","        local.testCase_buildApp_default = local.testCase_buildApp_default || function (","            options,","            onError","        ) {","        /*","         * this function will test buildApp's default handling-behavior-behavior","         */","            local.testCase_buildReadme_default(options, local.onErrorThrow);","            local.testCase_buildLib_default(options, local.onErrorThrow);","            local.testCase_buildTest_default(options, local.onErrorThrow);","            local.testCase_buildCustomOrg_default(options, local.onErrorThrow);","            options = [];","            local.buildApp(options, onError);","        };","","        local.testCase_buildCustomOrg_default = local.testCase_buildCustomOrg_default ||","            function (options, onError) {","            /*","             * this function will test buildCustomOrg's default handling-behavior","             */","                options = {};","                local.buildCustomOrg(options, onError);","            };","","        local.testCase_buildLib_default = local.testCase_buildLib_default || function (","            options,","            onError","        ) {","        /*","         * this function will test buildLib's default handling-behavior","         */","            options = {};","            local.buildLib(options, onError);","        };","","        local.testCase_buildReadme_default = local.testCase_buildReadme_default || function (","            options,","            onError","        ) {","        /*","         * this function will test buildReadme's default handling-behavior-behavior","         */","            options = {};","            local.buildReadme(options, onError);","        };","","        local.testCase_buildTest_default = local.testCase_buildTest_default || function (","            options,","            onError","        ) {","        /*","         * this function will test buildTest's default handling-behavior","         */","            options = {};","            local.buildTest(options, onError);","        };","","        local.testCase_webpage_default = local.testCase_webpage_default || function (","            options,","            onError","        ) {","        /*","         * this function will test webpage's default handling-behavior","         */","            options = { modeCoverageMerge: true, url: local.serverLocalHost + '?modeTest=1' };","            local.browserTest(options, onError);","        };","","        // run test-server","        local.testRunServer(local);","        break;","    }","}());",""],"l":{"12":2,"14":2,"19":2,"21":2,"23":2,"24":2,"25":2,"30":1,"37":2,"40":2,"43":1,"47":1,"50":1,"52":1,"55":2,"61":2,"62":2,"64":2,"70":1,"76":1,"82":2,"83":2,"85":2,"91":1,"98":1,"102":1,"105":1,"112":1,"119":1,"120":1,"123":1,"130":1,"131":1,"132":1,"133":1,"134":1,"135":1,"138":1,"143":2,"144":2,"147":1,"154":2,"155":2,"158":1,"165":2,"166":2,"169":1,"176":2,"177":2,"180":1,"187":1,"188":1,"192":1,"193":1}},"/home/travis/build/npmtest/node-npmtest-tabletop/lib.npmtest_tabletop.js":{"path":"/home/travis/build/npmtest/node-npmtest-tabletop/lib.npmtest_tabletop.js","s":{"1":2,"2":2,"3":2,"4":2,"5":2,"6":2,"7":2,"8":1,"9":2,"10":2,"11":2,"12":2,"13":1,"14":1,"15":1,"16":1},"b":{"1":[2,1,1,1],"2":[1,1,1,1],"3":[1,1],"4":[2,2],"5":[1,1]},"f":{"1":2,"2":2,"3":2},"fnMap":{"1":{"name":"(anonymous_1)","line":12,"loc":{"start":{"line":12,"column":1},"end":{"line":12,"column":13}}},"2":{"name":"(anonymous_2)","line":19,"loc":{"start":{"line":19,"column":5},"end":{"line":19,"column":17}}},"3":{"name":"(anonymous_3)","line":23,"loc":{"start":{"line":23,"column":24},"end":{"line":23,"column":36}}}},"statementMap":{"1":{"start":{"line":12,"column":0},"end":{"line":53,"column":5}},"2":{"start":{"line":14,"column":4},"end":{"line":14,"column":14}},"3":{"start":{"line":19,"column":4},"end":{"line":52,"column":9}},"4":{"start":{"line":21,"column":8},"end":{"line":21,"column":19}},"5":{"start":{"line":23,"column":8},"end":{"line":35,"column":13}},"6":{"start":{"line":24,"column":12},"end":{"line":34,"column":13}},"7":{"start":{"line":25,"column":16},"end":{"line":28,"column":30}},"8":{"start":{"line":30,"column":16},"end":{"line":33,"column":27}},"9":{"start":{"line":37,"column":8},"end":{"line":39,"column":21}},"10":{"start":{"line":41,"column":8},"end":{"line":41,"column":54}},"11":{"start":{"line":43,"column":8},"end":{"line":43,"column":53}},"12":{"start":{"line":45,"column":8},"end":{"line":51,"column":9}},"13":{"start":{"line":46,"column":12},"end":{"line":46,"column":59}},"14":{"start":{"line":48,"column":12},"end":{"line":48,"column":35}},"15":{"start":{"line":49,"column":12},"end":{"line":49,"column":49}},"16":{"start":{"line":50,"column":12},"end":{"line":50,"column":43}}},"branchMap":{"1":{"line":25,"type":"binary-expr","locations":[{"start":{"line":25,"column":23},"end":{"line":25,"column":62}},{"start":{"line":26,"column":20},"end":{"line":26,"column":70}},{"start":{"line":27,"column":20},"end":{"line":27,"column":71}},{"start":{"line":28,"column":20},"end":{"line":28,"column":29}}]},"2":{"line":30,"type":"binary-expr","locations":[{"start":{"line":30,"column":23},"end":{"line":30,"column":37}},{"start":{"line":31,"column":20},"end":{"line":31,"column":61}},{"start":{"line":32,"column":20},"end":{"line":32,"column":70}},{"start":{"line":33,"column":20},"end":{"line":33,"column":26}}]},"3":{"line":37,"type":"cond-expr","locations":[{"start":{"line":38,"column":14},"end":{"line":38,"column":20}},{"start":{"line":39,"column":14},"end":{"line":39,"column":20}}]},"4":{"line":41,"type":"binary-expr","locations":[{"start":{"line":41,"column":16},"end":{"line":41,"column":44}},{"start":{"line":41,"column":48},"end":{"line":41,"column":53}}]},"5":{"line":45,"type":"if","locations":[{"start":{"line":45,"column":8},"end":{"line":45,"column":8}},{"start":{"line":45,"column":8},"end":{"line":45,"column":8}}]}},"code":["/* istanbul instrument in package npmtest_tabletop */","/*jslint","    bitwise: true,","    browser: true,","    maxerr: 8,","    maxlen: 96,","    node: true,","    nomen: true,","    regexp: true,","    stupid: true","*/","(function () {","    'use strict';","    var local;","","","","    // run shared js-env code - pre-init","    (function () {","        // init local","        local = {};","        // init modeJs","        local.modeJs = (function () {","            try {","                return typeof navigator.userAgent === 'string' &&","                    typeof document.querySelector('body') === 'object' &&","                    typeof XMLHttpRequest.prototype.open === 'function' &&","                    'browser';","            } catch (errorCaughtBrowser) {","                return module.exports &&","                    typeof process.versions.node === 'string' &&","                    typeof require('http').createServer === 'function' &&","                    'node';","            }","        }());","        // init global","        local.global = local.modeJs === 'browser'","            ? window","            : global;","        // init utility2_rollup","        local = local.global.utility2_rollup || local;","        // init lib","        local.local = local.npmtest_tabletop = local;","        // init exports","        if (local.modeJs === 'browser') {","            local.global.utility2_npmtest_tabletop = local;","        } else {","            module.exports = local;","            module.exports.__dirname = __dirname;","            module.exports.module = module;","        }","    }());","}());",""],"l":{"12":2,"14":2,"19":2,"21":2,"23":2,"24":2,"25":2,"30":1,"37":2,"41":2,"43":2,"45":2,"46":1,"48":1,"49":1,"50":1}},"/home/travis/build/npmtest/node-npmtest-tabletop/example.js":{"path":"/home/travis/build/npmtest/node-npmtest-tabletop/example.js","s":{"1":2,"2":2,"3":2,"4":2,"5":2,"6":2,"7":2,"8":1,"9":2,"10":2,"11":2,"12":2,"13":1,"14":2,"15":2,"16":2,"17":2,"18":2,"19":0,"20":2,"21":1,"22":1,"23":1,"24":1,"25":1,"26":0,"27":0,"28":1,"29":1,"30":2,"31":0,"32":0,"33":0,"34":1,"35":2,"36":2,"37":3,"38":3,"39":3,"40":3,"41":0,"42":3,"43":3,"44":3,"45":1,"46":3,"47":1,"48":1,"49":1,"50":1,"51":1,"52":1,"53":1,"54":1,"55":1,"56":1,"57":0,"58":1,"59":6,"60":6,"61":1,"62":2,"63":0,"64":2,"65":1,"66":1,"67":0,"68":0,"69":0,"70":0,"71":0,"72":0,"73":0,"74":0,"75":0,"76":0,"77":0,"78":0,"79":0,"80":0,"81":0,"82":0,"83":0},"b":{"1":[2,1,1,1],"2":[1,1,1,1],"3":[1,1],"4":[2,2],"5":[1,1],"6":[1,1],"7":[2,0],"8":[2,1,1,1,1,1],"9":[0,2,0],"10":[1,1],"11":[2,1,1],"12":[1,0],"13":[0,2],"14":[2,0,0,0,0,0,0],"15":[0,3],"16":[3,0],"17":[1,1],"18":[0,1],"19":[1,2,0,2],"20":[1,0],"21":[1,1],"22":[0,0],"23":[0,0],"24":[0,0],"25":[0,0],"26":[0,0],"27":[0,0],"28":[0,0]},"f":{"1":2,"2":2,"3":2,"4":2,"5":2,"6":2,"7":3,"8":3,"9":3,"10":1,"11":6,"12":0},"fnMap":{"1":{"name":"(anonymous_1)","line":26,"loc":{"start":{"line":26,"column":1},"end":{"line":26,"column":13}}},"2":{"name":"(anonymous_2)","line":33,"loc":{"start":{"line":33,"column":5},"end":{"line":33,"column":17}}},"3":{"name":"(anonymous_3)","line":37,"loc":{"start":{"line":37,"column":24},"end":{"line":37,"column":36}}},"4":{"name":"(anonymous_4)","line":69,"loc":{"start":{"line":69,"column":31},"end":{"line":69,"column":48}},"skip":true},"5":{"name":"(anonymous_5)","line":78,"loc":{"start":{"line":78,"column":26},"end":{"line":78,"column":45}},"skip":true},"6":{"name":"(anonymous_6)","line":123,"loc":{"start":{"line":123,"column":33},"end":{"line":123,"column":48}},"skip":true},"7":{"name":"(anonymous_7)","line":125,"loc":{"start":{"line":125,"column":27},"end":{"line":125,"column":39}},"skip":true},"8":{"name":"(anonymous_8)","line":133,"loc":{"start":{"line":133,"column":59},"end":{"line":133,"column":74}},"skip":true},"9":{"name":"(anonymous_9)","line":143,"loc":{"start":{"line":143,"column":45},"end":{"line":143,"column":62}},"skip":true},"10":{"name":"(anonymous_10)","line":144,"loc":{"start":{"line":144,"column":73},"end":{"line":144,"column":92}},"skip":true},"11":{"name":"(anonymous_11)","line":272,"loc":{"start":{"line":272,"column":51},"end":{"line":272,"column":77}},"skip":true},"12":{"name":"(anonymous_12)","line":314,"loc":{"start":{"line":314,"column":32},"end":{"line":314,"column":61}},"skip":true}},"statementMap":{"1":{"start":{"line":26,"column":0},"end":{"line":325,"column":5}},"2":{"start":{"line":28,"column":4},"end":{"line":28,"column":14}},"3":{"start":{"line":33,"column":4},"end":{"line":60,"column":9}},"4":{"start":{"line":35,"column":8},"end":{"line":35,"column":19}},"5":{"start":{"line":37,"column":8},"end":{"line":49,"column":13}},"6":{"start":{"line":38,"column":12},"end":{"line":48,"column":13}},"7":{"start":{"line":39,"column":16},"end":{"line":42,"column":30}},"8":{"start":{"line":44,"column":16},"end":{"line":47,"column":27}},"9":{"start":{"line":51,"column":8},"end":{"line":53,"column":21}},"10":{"start":{"line":55,"column":8},"end":{"line":57,"column":45}},"11":{"start":{"line":59,"column":8},"end":{"line":59,"column":35}},"12":{"start":{"line":61,"column":4},"end":{"line":324,"column":5}},"13":{"start":{"line":69,"column":8},"end":{"line":121,"column":10},"skip":true},"14":{"start":{"line":70,"column":12},"end":{"line":88,"column":13},"skip":true},"15":{"start":{"line":76,"column":16},"end":{"line":87,"column":19},"skip":true},"16":{"start":{"line":79,"column":20},"end":{"line":86,"column":21},"skip":true},"17":{"start":{"line":82,"column":24},"end":{"line":82,"column":43},"skip":true},"18":{"start":{"line":83,"column":24},"end":{"line":83,"column":30},"skip":true},"19":{"start":{"line":85,"column":24},"end":{"line":85,"column":49},"skip":true},"20":{"start":{"line":89,"column":12},"end":{"line":107,"column":13},"skip":true},"21":{"start":{"line":92,"column":16},"end":{"line":102,"column":17},"skip":true},"22":{"start":{"line":93,"column":20},"end":{"line":93,"column":86},"skip":true},"23":{"start":{"line":94,"column":20},"end":{"line":95,"column":45},"skip":true},"24":{"start":{"line":96,"column":20},"end":{"line":96,"column":42},"skip":true},"25":{"start":{"line":97,"column":20},"end":{"line":97,"column":48},"skip":true},"26":{"start":{"line":100,"column":20},"end":{"line":100,"column":85},"skip":true},"27":{"start":{"line":101,"column":20},"end":{"line":101,"column":96},"skip":true},"28":{"start":{"line":103,"column":16},"end":{"line":103,"column":22},"skip":true},"29":{"start":{"line":106,"column":16},"end":{"line":106,"column":22},"skip":true},"30":{"start":{"line":108,"column":12},"end":{"line":120,"column":13},"skip":true},"31":{"start":{"line":114,"column":16},"end":{"line":119,"column":17},"skip":true},"32":{"start":{"line":116,"column":20},"end":{"line":116,"column":78},"skip":true},"33":{"start":{"line":118,"column":20},"end":{"line":118,"column":47},"skip":true},"34":{"start":{"line":123,"column":8},"end":{"line":141,"column":11},"skip":true},"35":{"start":{"line":124,"column":12},"end":{"line":124,"column":54},"skip":true},"36":{"start":{"line":125,"column":12},"end":{"line":140,"column":14},"skip":true},"37":{"start":{"line":126,"column":16},"end":{"line":126,"column":28},"skip":true},"38":{"start":{"line":127,"column":16},"end":{"line":127,"column":69},"skip":true},"39":{"start":{"line":128,"column":16},"end":{"line":128,"column":75},"skip":true},"40":{"start":{"line":129,"column":16},"end":{"line":131,"column":17},"skip":true},"41":{"start":{"line":130,"column":20},"end":{"line":130,"column":27},"skip":true},"42":{"start":{"line":133,"column":16},"end":{"line":137,"column":36},"skip":true},"43":{"start":{"line":134,"column":20},"end":{"line":136,"column":55},"skip":true},"44":{"start":{"line":139,"column":16},"end":{"line":139,"column":57},"skip":true},"45":{"start":{"line":143,"column":8},"end":{"line":147,"column":11},"skip":true},"46":{"start":{"line":144,"column":12},"end":{"line":146,"column":15},"skip":true},"47":{"start":{"line":145,"column":16},"end":{"line":145,"column":70},"skip":true},"48":{"start":{"line":149,"column":8},"end":{"line":149,"column":31},"skip":true},"49":{"start":{"line":150,"column":8},"end":{"line":150,"column":14},"skip":true},"50":{"start":{"line":158,"column":8},"end":{"line":158,"column":31},"skip":true},"51":{"start":{"line":160,"column":8},"end":{"line":160,"column":33},"skip":true},"52":{"start":{"line":161,"column":8},"end":{"line":161,"column":37},"skip":true},"53":{"start":{"line":162,"column":8},"end":{"line":162,"column":35},"skip":true},"54":{"start":{"line":164,"column":8},"end":{"line":164,"column":50},"skip":true},"55":{"start":{"line":166,"column":8},"end":{"line":256,"column":2},"skip":true},"56":{"start":{"line":258,"column":8},"end":{"line":286,"column":9},"skip":true},"57":{"start":{"line":259,"column":12},"end":{"line":269,"column":14},"skip":true},"58":{"start":{"line":271,"column":12},"end":{"line":285,"column":19},"skip":true},"59":{"start":{"line":274,"column":20},"end":{"line":274,"column":35},"skip":true},"60":{"start":{"line":275,"column":20},"end":{"line":284,"column":21},"skip":true},"61":{"start":{"line":277,"column":24},"end":{"line":277,"column":64},"skip":true},"62":{"start":{"line":279,"column":24},"end":{"line":279,"column":40},"skip":true},"63":{"start":{"line":281,"column":24},"end":{"line":281,"column":40},"skip":true},"64":{"start":{"line":283,"column":24},"end":{"line":283,"column":39},"skip":true},"65":{"start":{"line":288,"column":8},"end":{"line":290,"column":9},"skip":true},"66":{"start":{"line":289,"column":12},"end":{"line":289,"column":18},"skip":true},"67":{"start":{"line":291,"column":8},"end":{"line":293,"column":54},"skip":true},"68":{"start":{"line":294,"column":8},"end":{"line":301,"column":37},"skip":true},"69":{"start":{"line":302,"column":8},"end":{"line":302,"column":82},"skip":true},"70":{"start":{"line":305,"column":8},"end":{"line":307,"column":9},"skip":true},"71":{"start":{"line":306,"column":12},"end":{"line":306,"column":82},"skip":true},"72":{"start":{"line":309,"column":8},"end":{"line":311,"column":9},"skip":true},"73":{"start":{"line":310,"column":12},"end":{"line":310,"column":18},"skip":true},"74":{"start":{"line":312,"column":8},"end":{"line":312,"column":54},"skip":true},"75":{"start":{"line":313,"column":8},"end":{"line":313,"column":69},"skip":true},"76":{"start":{"line":314,"column":8},"end":{"line":322,"column":36},"skip":true},"77":{"start":{"line":315,"column":12},"end":{"line":315,"column":61},"skip":true},"78":{"start":{"line":316,"column":12},"end":{"line":319,"column":13},"skip":true},"79":{"start":{"line":317,"column":16},"end":{"line":317,"column":75},"skip":true},"80":{"start":{"line":318,"column":16},"end":{"line":318,"column":23},"skip":true},"81":{"start":{"line":320,"column":12},"end":{"line":320,"column":38},"skip":true},"82":{"start":{"line":321,"column":12},"end":{"line":321,"column":27},"skip":true},"83":{"start":{"line":323,"column":8},"end":{"line":323,"column":14},"skip":true}},"branchMap":{"1":{"line":39,"type":"binary-expr","locations":[{"start":{"line":39,"column":23},"end":{"line":39,"column":62}},{"start":{"line":40,"column":20},"end":{"line":40,"column":70}},{"start":{"line":41,"column":20},"end":{"line":41,"column":71}},{"start":{"line":42,"column":20},"end":{"line":42,"column":29}}]},"2":{"line":44,"type":"binary-expr","locations":[{"start":{"line":44,"column":23},"end":{"line":44,"column":37}},{"start":{"line":45,"column":20},"end":{"line":45,"column":61}},{"start":{"line":46,"column":20},"end":{"line":46,"column":70}},{"start":{"line":47,"column":20},"end":{"line":47,"column":26}}]},"3":{"line":51,"type":"cond-expr","locations":[{"start":{"line":52,"column":14},"end":{"line":52,"column":20}},{"start":{"line":53,"column":14},"end":{"line":53,"column":20}}]},"4":{"line":55,"type":"binary-expr","locations":[{"start":{"line":55,"column":16},"end":{"line":55,"column":44}},{"start":{"line":55,"column":49},"end":{"line":57,"column":43}}]},"5":{"line":55,"type":"cond-expr","locations":[{"start":{"line":56,"column":14},"end":{"line":56,"column":52}},{"start":{"line":57,"column":14},"end":{"line":57,"column":43}}]},"6":{"line":61,"type":"switch","locations":[{"start":{"line":68,"column":4},"end":{"line":150,"column":14},"skip":true},{"start":{"line":156,"column":4},"end":{"line":323,"column":14},"skip":true}]},"7":{"line":70,"type":"if","locations":[{"start":{"line":70,"column":12},"end":{"line":70,"column":12},"skip":true},{"start":{"line":70,"column":12},"end":{"line":70,"column":12},"skip":true}]},"8":{"line":70,"type":"binary-expr","locations":[{"start":{"line":70,"column":16},"end":{"line":70,"column":22},"skip":true},{"start":{"line":70,"column":27},"end":{"line":70,"column":32},"skip":true},{"start":{"line":71,"column":20},"end":{"line":71,"column":39},"skip":true},{"start":{"line":72,"column":20},"end":{"line":72,"column":49},"skip":true},{"start":{"line":73,"column":20},"end":{"line":73,"column":58},"skip":true},{"start":{"line":74,"column":20},"end":{"line":74,"column":69},"skip":true}]},"9":{"line":79,"type":"switch","locations":[{"start":{"line":80,"column":20},"end":{"line":80,"column":33},"skip":true},{"start":{"line":81,"column":20},"end":{"line":83,"column":30},"skip":true},{"start":{"line":84,"column":20},"end":{"line":85,"column":49},"skip":true}]},"10":{"line":89,"type":"switch","locations":[{"start":{"line":90,"column":12},"end":{"line":103,"column":22},"skip":true},{"start":{"line":105,"column":12},"end":{"line":106,"column":22},"skip":true}]},"11":{"line":89,"type":"binary-expr","locations":[{"start":{"line":89,"column":20},"end":{"line":89,"column":25},"skip":true},{"start":{"line":89,"column":29},"end":{"line":89,"column":48},"skip":true},{"start":{"line":89,"column":52},"end":{"line":89,"column":74},"skip":true}]},"12":{"line":92,"type":"if","locations":[{"start":{"line":92,"column":16},"end":{"line":92,"column":16},"skip":true},{"start":{"line":92,"column":16},"end":{"line":92,"column":16},"skip":true}]},"13":{"line":108,"type":"if","locations":[{"start":{"line":108,"column":12},"end":{"line":108,"column":12},"skip":true},{"start":{"line":108,"column":12},"end":{"line":108,"column":12},"skip":true}]},"14":{"line":108,"type":"binary-expr","locations":[{"start":{"line":108,"column":16},"end":{"line":108,"column":61},"skip":true},{"start":{"line":108,"column":66},"end":{"line":108,"column":72},"skip":true},{"start":{"line":108,"column":77},"end":{"line":108,"column":82},"skip":true},{"start":{"line":109,"column":20},"end":{"line":109,"column":39},"skip":true},{"start":{"line":110,"column":20},"end":{"line":110,"column":49},"skip":true},{"start":{"line":111,"column":20},"end":{"line":111,"column":58},"skip":true},{"start":{"line":112,"column":20},"end":{"line":112,"column":68},"skip":true}]},"15":{"line":129,"type":"if","locations":[{"start":{"line":129,"column":16},"end":{"line":129,"column":16},"skip":true},{"start":{"line":129,"column":16},"end":{"line":129,"column":16},"skip":true}]},"16":{"line":134,"type":"cond-expr","locations":[{"start":{"line":135,"column":26},"end":{"line":135,"column":29},"skip":true},{"start":{"line":136,"column":26},"end":{"line":136,"column":54},"skip":true}]},"17":{"line":164,"type":"binary-expr","locations":[{"start":{"line":164,"column":27},"end":{"line":164,"column":43},"skip":true},{"start":{"line":164,"column":47},"end":{"line":164,"column":49},"skip":true}]},"18":{"line":258,"type":"if","locations":[{"start":{"line":258,"column":8},"end":{"line":258,"column":8},"skip":true},{"start":{"line":258,"column":8},"end":{"line":258,"column":8},"skip":true}]},"19":{"line":275,"type":"switch","locations":[{"start":{"line":276,"column":20},"end":{"line":277,"column":64},"skip":true},{"start":{"line":278,"column":20},"end":{"line":279,"column":40},"skip":true},{"start":{"line":280,"column":20},"end":{"line":281,"column":40},"skip":true},{"start":{"line":282,"column":20},"end":{"line":283,"column":39},"skip":true}]},"20":{"line":288,"type":"if","locations":[{"start":{"line":288,"column":8},"end":{"line":288,"column":8},"skip":true},{"start":{"line":288,"column":8},"end":{"line":288,"column":8},"skip":true}]},"21":{"line":288,"type":"binary-expr","locations":[{"start":{"line":288,"column":12},"end":{"line":288,"column":40},"skip":true},{"start":{"line":288,"column":44},"end":{"line":288,"column":67},"skip":true}]},"22":{"line":292,"type":"binary-expr","locations":[{"start":{"line":292,"column":12},"end":{"line":292,"column":50},"skip":true},{"start":{"line":293,"column":12},"end":{"line":293,"column":53},"skip":true}]},"23":{"line":295,"type":"binary-expr","locations":[{"start":{"line":295,"column":12},"end":{"line":295,"column":66},"skip":true},{"start":{"line":296,"column":12},"end":{"line":301,"column":36},"skip":true}]},"24":{"line":302,"type":"binary-expr","locations":[{"start":{"line":302,"column":43},"end":{"line":302,"column":75},"skip":true},{"start":{"line":302,"column":79},"end":{"line":302,"column":81},"skip":true}]},"25":{"line":305,"type":"if","locations":[{"start":{"line":305,"column":8},"end":{"line":305,"column":8},"skip":true},{"start":{"line":305,"column":8},"end":{"line":305,"column":8},"skip":true}]},"26":{"line":309,"type":"if","locations":[{"start":{"line":309,"column":8},"end":{"line":309,"column":8},"skip":true},{"start":{"line":309,"column":8},"end":{"line":309,"column":8},"skip":true}]},"27":{"line":312,"type":"binary-expr","locations":[{"start":{"line":312,"column":27},"end":{"line":312,"column":43},"skip":true},{"start":{"line":312,"column":47},"end":{"line":312,"column":53},"skip":true}]},"28":{"line":316,"type":"if","locations":[{"start":{"line":316,"column":12},"end":{"line":316,"column":12},"skip":true},{"start":{"line":316,"column":12},"end":{"line":316,"column":12},"skip":true}]}},"code":["/*","example.js","","quickstart example","","instruction","    1. save this script as example.js","    2. run the shell command:","        $ npm install npmtest-tabletop && PORT=8081 node example.js","    3. play with the browser-demo on http://127.0.0.1:8081","*/","","","","/* istanbul instrument in package npmtest_tabletop */","/*jslint","    bitwise: true,","    browser: true,","    maxerr: 8,","    maxlen: 96,","    node: true,","    nomen: true,","    regexp: true,","    stupid: true","*/","(function () {","    'use strict';","    var local;","","","","    // run shared js-env code - pre-init","    (function () {","        // init local","        local = {};","        // init modeJs","        local.modeJs = (function () {","            try {","                return typeof navigator.userAgent === 'string' &&","                    typeof document.querySelector('body') === 'object' &&","                    typeof XMLHttpRequest.prototype.open === 'function' &&","                    'browser';","            } catch (errorCaughtBrowser) {","                return module.exports &&","                    typeof process.versions.node === 'string' &&","                    typeof require('http').createServer === 'function' &&","                    'node';","            }","        }());","        // init global","        local.global = local.modeJs === 'browser'","            ? window","            : global;","        // init utility2_rollup","        local = local.global.utility2_rollup || (local.modeJs === 'browser'","            ? local.global.utility2_npmtest_tabletop","            : global.utility2_moduleExports);","        // export local","        local.global.local = local;","    }());","    switch (local.modeJs) {","","","","    // post-init","    // run browser js-env code - post-init","    /* istanbul ignore next */","    case 'browser':","        local.testRunBrowser = function (event) {","            if (!event || (event &&","                    event.currentTarget &&","                    event.currentTarget.className &&","                    event.currentTarget.className.includes &&","                    event.currentTarget.className.includes('onreset'))) {","                // reset output","                Array.from(","                    document.querySelectorAll('body > .resettable')","                ).forEach(function (element) {","                    switch (element.tagName) {","                    case 'INPUT':","                    case 'TEXTAREA':","                        element.value = '';","                        break;","                    default:","                        element.textContent = '';","                    }","                });","            }","            switch (event && event.currentTarget && event.currentTarget.id) {","            case 'testRunButton1':","                // show tests","                if (document.querySelector('#testReportDiv1').style.display === 'none') {","                    document.querySelector('#testReportDiv1').style.display = 'block';","                    document.querySelector('#testRunButton1').textContent =","                        'hide internal test';","                    local.modeTest = true;","                    local.testRunDefault(local);","                // hide tests","                } else {","                    document.querySelector('#testReportDiv1').style.display = 'none';","                    document.querySelector('#testRunButton1').textContent = 'run internal test';","                }","                break;","            // custom-case","            default:","                break;","            }","            if (document.querySelector('#inputTextareaEval1') && (!event || (event &&","                    event.currentTarget &&","                    event.currentTarget.className &&","                    event.currentTarget.className.includes &&","                    event.currentTarget.className.includes('oneval')))) {","                // try to eval input-code","                try {","                    /*jslint evil: true*/","                    eval(document.querySelector('#inputTextareaEval1').value);","                } catch (errorCaught) {","                    console.error(errorCaught);","                }","            }","        };","        // log stderr and stdout to #outputTextareaStdout1","        ['error', 'log'].forEach(function (key) {","            console[key + '_original'] = console[key];","            console[key] = function () {","                var element;","                console[key + '_original'].apply(console, arguments);","                element = document.querySelector('#outputTextareaStdout1');","                if (!element) {","                    return;","                }","                // append text to #outputTextareaStdout1","                element.value += Array.from(arguments).map(function (arg) {","                    return typeof arg === 'string'","                        ? arg","                        : JSON.stringify(arg, null, 4);","                }).join(' ') + '\\n';","                // scroll textarea to bottom","                element.scrollTop = element.scrollHeight;","            };","        });","        // init event-handling","        ['change', 'click', 'keyup'].forEach(function (event) {","            Array.from(document.querySelectorAll('.on' + event)).forEach(function (element) {","                element.addEventListener(event, local.testRunBrowser);","            });","        });","        // run tests","        local.testRunBrowser();","        break;","","","","    // run node js-env code - post-init","    /* istanbul ignore next */","    case 'node':","        // export local","        module.exports = local;","        // require modules","        local.fs = require('fs');","        local.http = require('http');","        local.url = require('url');","        // init assets","        local.assetsDict = local.assetsDict || {};","        /* jslint-ignore-begin */","        local.assetsDict['/assets.index.template.html'] = '\\","<!doctype html>\\n\\","<html lang=\"en\">\\n\\","<head>\\n\\","<meta charset=\"UTF-8\">\\n\\","<meta name=\"viewport\" content=\"width=device-width, initial-scale=1\">\\n\\","<title>{{env.npm_package_name}} (v{{env.npm_package_version}})</title>\\n\\","<style>\\n\\","/*csslint\\n\\","    box-sizing: false,\\n\\","    universal-selector: false\\n\\","*/\\n\\","* {\\n\\","    box-sizing: border-box;\\n\\","}\\n\\","body {\\n\\","    background: #dde;\\n\\","    font-family: Arial, Helvetica, sans-serif;\\n\\","    margin: 2rem;\\n\\","}\\n\\","body > * {\\n\\","    margin-bottom: 1rem;\\n\\","}\\n\\",".utility2FooterDiv {\\n\\","    margin-top: 20px;\\n\\","    text-align: center;\\n\\","}\\n\\","</style>\\n\\","<style>\\n\\","/*csslint\\n\\","*/\\n\\","textarea {\\n\\","    font-family: monospace;\\n\\","    height: 10rem;\\n\\","    width: 100%;\\n\\","}\\n\\","textarea[readonly] {\\n\\","    background: #ddd;\\n\\","}\\n\\","</style>\\n\\","</head>\\n\\","<body>\\n\\","<!-- utility2-comment\\n\\","<div id=\"ajaxProgressDiv1\" style=\"background: #d00; height: 2px; left: 0; margin: 0; padding: 0; position: fixed; top: 0; transition: background 0.5s, width 1.5s; width: 25%;\"></div>\\n\\","utility2-comment -->\\n\\","<h1>\\n\\","<!-- utility2-comment\\n\\","    <a\\n\\","        {{#if env.npm_package_homepage}}\\n\\","        href=\"{{env.npm_package_homepage}}\"\\n\\","        {{/if env.npm_package_homepage}}\\n\\","        target=\"_blank\"\\n\\","    >\\n\\","utility2-comment -->\\n\\","        {{env.npm_package_name}} (v{{env.npm_package_version}})\\n\\","<!-- utility2-comment\\n\\","    </a>\\n\\","utility2-comment -->\\n\\","</h1>\\n\\","<h3>{{env.npm_package_description}}</h3>\\n\\","<!-- utility2-comment\\n\\","<h4><a download href=\"assets.app.js\">download standalone app</a></h4>\\n\\","<button class=\"onclick onreset\" id=\"testRunButton1\">run internal test</button><br>\\n\\","<div id=\"testReportDiv1\" style=\"display: none;\"></div>\\n\\","utility2-comment -->\\n\\","\\n\\","\\n\\","\\n\\","<label>stderr and stdout</label>\\n\\","<textarea class=\"resettable\" id=\"outputTextareaStdout1\" readonly></textarea>\\n\\","<!-- utility2-comment\\n\\","{{#if isRollup}}\\n\\","<script src=\"assets.app.js\"></script>\\n\\","{{#unless isRollup}}\\n\\","utility2-comment -->\\n\\","<script src=\"assets.utility2.rollup.js\"></script>\\n\\","<script src=\"jsonp.utility2._stateInit?callback=window.utility2._stateInit\"></script>\\n\\","<script src=\"assets.npmtest_tabletop.rollup.js\"></script>\\n\\","<script src=\"assets.example.js\"></script>\\n\\","<script src=\"assets.test.js\"></script>\\n\\","<!-- utility2-comment\\n\\","{{/if isRollup}}\\n\\","utility2-comment -->\\n\\","<div class=\"utility2FooterDiv\">\\n\\","    [ this app was created with\\n\\","    <a href=\"https://github.com/kaizhu256/node-utility2\" target=\"_blank\">utility2</a>\\n\\","    ]\\n\\","</div>\\n\\","</body>\\n\\","</html>\\n\\","';","        /* jslint-ignore-end */","        if (local.templateRender) {","            local.assetsDict['/'] = local.templateRender(","                local.assetsDict['/assets.index.template.html'],","                {","                    env: local.objectSetDefault(local.env, {","                        npm_package_description: 'the greatest app in the world!',","                        npm_package_name: 'my-app',","                        npm_package_nameAlias: 'my_app',","                        npm_package_version: '0.0.1'","                    })","                }","            );","        } else {","            local.assetsDict['/'] = local.assetsDict['/assets.index.template.html']","                .replace((/\\{\\{env\\.(\\w+?)\\}\\}/g), function (match0, match1) {","                    // jslint-hack","                    String(match0);","                    switch (match1) {","                    case 'npm_package_description':","                        return 'the greatest app in the world!';","                    case 'npm_package_name':","                        return 'my-app';","                    case 'npm_package_nameAlias':","                        return 'my_app';","                    case 'npm_package_version':","                        return '0.0.1';","                    }","                });","        }","        // run the cli","        if (local.global.utility2_rollup || module !== require.main) {","            break;","        }","        local.assetsDict['/assets.example.js'] =","            local.assetsDict['/assets.example.js'] ||","            local.fs.readFileSync(__filename, 'utf8');","        local.assetsDict['/assets.npmtest_tabletop.rollup.js'] =","            local.assetsDict['/assets.npmtest_tabletop.rollup.js'] ||","            local.fs.readFileSync(","                // buildCustomOrg-hack","                local.npmtest_tabletop.__dirname +","                    '/lib.npmtest_tabletop.js',","                'utf8'","            ).replace((/^#!/), '//');","        local.assetsDict['/favicon.ico'] = local.assetsDict['/favicon.ico'] || '';","        // if $npm_config_timeout_exit exists,","        // then exit this process after $npm_config_timeout_exit ms","        if (Number(process.env.npm_config_timeout_exit)) {","            setTimeout(process.exit, Number(process.env.npm_config_timeout_exit));","        }","        // start server","        if (local.global.utility2_serverHttp1) {","            break;","        }","        process.env.PORT = process.env.PORT || '8081';","        console.error('server starting on port ' + process.env.PORT);","        local.http.createServer(function (request, response) {","            request.urlParsed = local.url.parse(request.url);","            if (local.assetsDict[request.urlParsed.pathname] !== undefined) {","                response.end(local.assetsDict[request.urlParsed.pathname]);","                return;","            }","            response.statusCode = 404;","            response.end();","        }).listen(process.env.PORT);","        break;","    }","}());",""],"l":{"26":2,"28":2,"33":2,"35":2,"37":2,"38":2,"39":2,"44":1,"51":2,"55":2,"59":2,"61":2,"69":1,"70":2,"76":2,"79":2,"82":2,"83":2,"85":1,"89":2,"92":1,"93":1,"94":1,"96":1,"97":1,"100":1,"101":1,"103":1,"106":1,"108":2,"114":1,"116":1,"118":1,"123":1,"124":2,"125":2,"126":3,"127":3,"128":3,"129":3,"130":1,"133":3,"134":3,"139":3,"143":1,"144":3,"145":1,"149":1,"150":1,"158":1,"160":1,"161":1,"162":1,"164":1,"166":1,"258":1,"259":1,"271":1,"274":6,"275":6,"277":1,"279":2,"281":1,"283":2,"288":1,"289":1,"291":1,"294":1,"302":1,"305":1,"306":1,"309":1,"310":1,"312":1,"313":1,"314":1,"315":1,"316":1,"317":1,"318":1,"320":1,"321":1,"323":1}},"/home/travis/build/npmtest/node-npmtest-tabletop/node_modules/tabletop/src/tabletop.js":{"path":"/home/travis/build/npmtest/node-npmtest-tabletop/node_modules/tabletop/src/tabletop.js","s":{"1":1,"2":1,"3":1,"4":1,"5":1,"6":1,"7":1,"8":1,"9":1,"10":0,"11":0,"12":0,"13":0,"14":0,"15":1,"16":1,"17":0,"18":0,"19":0,"20":0,"21":0,"22":0,"23":0,"24":1,"25":0,"26":0,"27":0,"28":0,"29":0,"30":0,"31":0,"32":0,"33":0,"34":0,"35":0,"36":0,"37":0,"38":0,"39":0,"40":0,"41":0,"42":0,"43":0,"44":0,"45":0,"46":0,"47":0,"48":0,"49":0,"50":0,"51":0,"52":0,"53":0,"54":0,"55":0,"56":0,"57":0,"58":0,"59":0,"60":0,"61":0,"62":0,"63":0,"64":0,"65":0,"66":0,"67":0,"68":0,"69":0,"70":0,"71":0,"72":0,"73":0,"74":0,"75":0,"76":0,"77":1,"78":1,"79":0,"80":1,"81":0,"82":1,"83":0,"84":0,"85":0,"86":0,"87":0,"88":0,"89":0,"90":0,"91":0,"92":0,"93":0,"94":0,"95":0,"96":0,"97":0,"98":0,"99":0,"100":0,"101":0,"102":0,"103":0,"104":0,"105":0,"106":0,"107":0,"108":0,"109":0,"110":0,"111":0,"112":0,"113":0,"114":0,"115":0,"116":0,"117":0,"118":0,"119":0,"120":0,"121":0,"122":0,"123":0,"124":0,"125":0,"126":0,"127":0,"128":0,"129":0,"130":0,"131":0,"132":0,"133":0,"134":0,"135":0,"136":0,"137":0,"138":0,"139":0,"140":0,"141":0,"142":0,"143":0,"144":0,"145":0,"146":0,"147":0,"148":0,"149":0,"150":0,"151":0,"152":0,"153":0,"154":0,"155":0,"156":0,"157":0,"158":0,"159":0,"160":0,"161":0,"162":0,"163":0,"164":0,"165":0,"166":0,"167":0,"168":0,"169":0,"170":0,"171":0,"172":0,"173":0,"174":0,"175":0,"176":0,"177":0,"178":0,"179":0,"180":0,"181":0,"182":0,"183":0,"184":0,"185":0,"186":0,"187":0,"188":1,"189":0,"190":0,"191":0,"192":0,"193":0,"194":0,"195":0,"196":0,"197":0,"198":0,"199":0,"200":0,"201":0,"202":0,"203":0,"204":0,"205":0,"206":0,"207":0,"208":0,"209":0,"210":0,"211":0,"212":0,"213":0,"214":0,"215":0,"216":0,"217":0,"218":0,"219":0,"220":0,"221":0,"222":0,"223":0,"224":0,"225":0,"226":1,"227":0,"228":0,"229":0,"230":0,"231":0,"232":0,"233":0,"234":0,"235":0,"236":0,"237":0,"238":0,"239":0,"240":0,"241":0,"242":0,"243":0,"244":0,"245":0,"246":0,"247":0,"248":0,"249":0,"250":0,"251":0,"252":0,"253":0,"254":0,"255":0,"256":0,"257":0,"258":0,"259":0,"260":0,"261":0,"262":0,"263":0,"264":0,"265":1,"266":1,"267":0,"268":0,"269":0,"270":0},"b":{"1":[1,0],"2":[1,1],"3":[0,0],"4":[0,0],"5":[0,0],"6":[0,0],"7":[0,0],"8":[0,0],"9":[0,0],"10":[0,0],"11":[0,0],"12":[0,0],"13":[0,0],"14":[0,0],"15":[0,0],"16":[0,0],"17":[0,0],"18":[0,0],"19":[0,0],"20":[0,0],"21":[0,0],"22":[0,0],"23":[0,0],"24":[0,0],"25":[0,0],"26":[0,0],"27":[0,0],"28":[0,0],"29":[0,0],"30":[0,0],"31":[0,0,0],"32":[0,0],"33":[0,0],"34":[0,0],"35":[0,0],"36":[0,0],"37":[0,0],"38":[0,0],"39":[0,0],"40":[0,0],"41":[0,0],"42":[0,0],"43":[0,0],"44":[0,0],"45":[0,0],"46":[0,0],"47":[0,0],"48":[0,0],"49":[0,0],"50":[0,0],"51":[0,0],"52":[0,0],"53":[0,0],"54":[0,0],"55":[0,0],"56":[0,0],"57":[0,0],"58":[0,0],"59":[0,0],"60":[0,0],"61":[0,0],"62":[0,0],"63":[0,0],"64":[0,0],"65":[0,0,0],"66":[0,0],"67":[0,0],"68":[0,0],"69":[0,0],"70":[0,0],"71":[1,0],"72":[1,1],"73":[0,0],"74":[0,0]},"f":{"1":1,"2":0,"3":0,"4":0,"5":0,"6":0,"7":0,"8":0,"9":0,"10":0,"11":0,"12":0,"13":0,"14":0,"15":0,"16":0,"17":0,"18":0,"19":0,"20":0,"21":0,"22":0,"23":0,"24":0,"25":0,"26":0,"27":0,"28":0,"29":0,"30":0,"31":0,"32":0},"fnMap":{"1":{"name":"(anonymous_1)","line":1,"loc":{"start":{"line":1,"column":1},"end":{"line":1,"column":12}}},"2":{"name":"(anonymous_2)","line":31,"loc":{"start":{"line":31,"column":18},"end":{"line":31,"column":40}}},"3":{"name":"(anonymous_3)","line":54,"loc":{"start":{"line":54,"column":17},"end":{"line":54,"column":35}}},"4":{"name":"(anonymous_4)","line":145,"loc":{"start":{"line":145,"column":18},"end":{"line":145,"column":36}}},"5":{"name":"(anonymous_5)","line":149,"loc":{"start":{"line":149,"column":20},"end":{"line":149,"column":31}}},"6":{"name":"(anonymous_6)","line":155,"loc":{"start":{"line":155,"column":11},"end":{"line":155,"column":30}}},"7":{"name":"(anonymous_7)","line":167,"loc":{"start":{"line":167,"column":17},"end":{"line":167,"column":42}}},"8":{"name":"(anonymous_8)","line":187,"loc":{"start":{"line":187,"column":14},"end":{"line":187,"column":39}}},"9":{"name":"(anonymous_9)","line":192,"loc":{"start":{"line":192,"column":19},"end":{"line":192,"column":30}}},"10":{"name":"(anonymous_10)","line":211,"loc":{"start":{"line":211,"column":18},"end":{"line":211,"column":43}}},"11":{"name":"(anonymous_11)","line":226,"loc":{"start":{"line":226,"column":45},"end":{"line":226,"column":57}}},"12":{"name":"(anonymous_12)","line":261,"loc":{"start":{"line":261,"column":21},"end":{"line":261,"column":46}}},"13":{"name":"(anonymous_13)","line":265,"loc":{"start":{"line":265,"column":55},"end":{"line":265,"column":81}}},"14":{"name":"(anonymous_14)","line":278,"loc":{"start":{"line":278,"column":14},"end":{"line":278,"column":34}}},"15":{"name":"(anonymous_15)","line":291,"loc":{"start":{"line":291,"column":10},"end":{"line":291,"column":21}}},"16":{"name":"(anonymous_16)","line":310,"loc":{"start":{"line":310,"column":15},"end":{"line":310,"column":31}}},"17":{"name":"(anonymous_17)","line":324,"loc":{"start":{"line":324,"column":16},"end":{"line":324,"column":31}}},"18":{"name":"(anonymous_18)","line":367,"loc":{"start":{"line":367,"column":12},"end":{"line":367,"column":32}}},"19":{"name":"(anonymous_19)","line":380,"loc":{"start":{"line":380,"column":16},"end":{"line":380,"column":32}}},"20":{"name":"(anonymous_20)","line":397,"loc":{"start":{"line":397,"column":15},"end":{"line":397,"column":30}}},"21":{"name":"(anonymous_21)","line":405,"loc":{"start":{"line":405,"column":17},"end":{"line":405,"column":28}}},"22":{"name":"(anonymous_22)","line":416,"loc":{"start":{"line":416,"column":16},"end":{"line":416,"column":27}}},"23":{"name":"(anonymous_23)","line":422,"loc":{"start":{"line":422,"column":9},"end":{"line":422,"column":20}}},"24":{"name":"(anonymous_24)","line":438,"loc":{"start":{"line":438,"column":19},"end":{"line":438,"column":37}}},"25":{"name":"(anonymous_25)","line":502,"loc":{"start":{"line":502,"column":9},"end":{"line":502,"column":20}}},"26":{"name":"(anonymous_26)","line":506,"loc":{"start":{"line":506,"column":24},"end":{"line":506,"column":35}}},"27":{"name":"(anonymous_27)","line":513,"loc":{"start":{"line":513,"column":41},"end":{"line":513,"column":56}}},"28":{"name":"(anonymous_28)","line":518,"loc":{"start":{"line":518,"column":11},"end":{"line":518,"column":22}}},"29":{"name":"(anonymous_29)","line":527,"loc":{"start":{"line":527,"column":23},"end":{"line":527,"column":38}}},"30":{"name":"(anonymous_30)","line":554,"loc":{"start":{"line":554,"column":22},"end":{"line":554,"column":33}}},"31":{"name":"(anonymous_31)","line":578,"loc":{"start":{"line":578,"column":13},"end":{"line":578,"column":24}}},"32":{"name":"(anonymous_32)","line":596,"loc":{"start":{"line":596,"column":11},"end":{"line":596,"column":23}}}},"statementMap":{"1":{"start":{"line":1,"column":0},"end":{"line":603,"column":5}},"2":{"start":{"line":4,"column":2},"end":{"line":4,"column":23}},"3":{"start":{"line":5,"column":2},"end":{"line":8,"column":3}},"4":{"start":{"line":6,"column":4},"end":{"line":6,"column":20}},"5":{"start":{"line":7,"column":4},"end":{"line":7,"column":44}},"6":{"start":{"line":10,"column":2},"end":{"line":10,"column":27}},"7":{"start":{"line":11,"column":2},"end":{"line":11,"column":25}},"8":{"start":{"line":12,"column":2},"end":{"line":22,"column":17}},"9":{"start":{"line":13,"column":4},"end":{"line":13,"column":39}},"10":{"start":{"line":14,"column":4},"end":{"line":21,"column":5}},"11":{"start":{"line":15,"column":6},"end":{"line":15,"column":26}},"12":{"start":{"line":17,"column":6},"end":{"line":20,"column":7}},"13":{"start":{"line":18,"column":8},"end":{"line":18,"column":28}},"14":{"start":{"line":19,"column":8},"end":{"line":19,"column":26}},"15":{"start":{"line":30,"column":2},"end":{"line":30,"column":45}},"16":{"start":{"line":31,"column":2},"end":{"line":44,"column":4}},"17":{"start":{"line":32,"column":4},"end":{"line":32,"column":32}},"18":{"start":{"line":34,"column":4},"end":{"line":36,"column":5}},"19":{"start":{"line":35,"column":6},"end":{"line":35,"column":33}},"20":{"start":{"line":38,"column":4},"end":{"line":42,"column":5}},"21":{"start":{"line":39,"column":6},"end":{"line":41,"column":7}},"22":{"start":{"line":40,"column":8},"end":{"line":40,"column":17}},"23":{"start":{"line":43,"column":4},"end":{"line":43,"column":14}},"24":{"start":{"line":54,"column":2},"end":{"line":139,"column":4}},"25":{"start":{"line":56,"column":4},"end":{"line":58,"column":5}},"26":{"start":{"line":57,"column":6},"end":{"line":57,"column":35}},"27":{"start":{"line":60,"column":4},"end":{"line":62,"column":5}},"28":{"start":{"line":61,"column":6},"end":{"line":61,"column":34}},"29":{"start":{"line":64,"column":4},"end":{"line":64,"column":37}},"30":{"start":{"line":65,"column":4},"end":{"line":65,"column":39}},"31":{"start":{"line":66,"column":4},"end":{"line":66,"column":27}},"32":{"start":{"line":67,"column":4},"end":{"line":67,"column":45}},"33":{"start":{"line":68,"column":4},"end":{"line":68,"column":47}},"34":{"start":{"line":69,"column":4},"end":{"line":69,"column":31}},"35":{"start":{"line":70,"column":4},"end":{"line":70,"column":37}},"36":{"start":{"line":71,"column":4},"end":{"line":71,"column":43}},"37":{"start":{"line":72,"column":4},"end":{"line":72,"column":33}},"38":{"start":{"line":73,"column":4},"end":{"line":73,"column":37}},"39":{"start":{"line":74,"column":4},"end":{"line":74,"column":35}},"40":{"start":{"line":75,"column":4},"end":{"line":75,"column":74}},"41":{"start":{"line":76,"column":4},"end":{"line":76,"column":41}},"42":{"start":{"line":77,"column":4},"end":{"line":77,"column":65}},"43":{"start":{"line":78,"column":4},"end":{"line":78,"column":51}},"44":{"start":{"line":80,"column":4},"end":{"line":80,"column":124}},"45":{"start":{"line":82,"column":4},"end":{"line":90,"column":5}},"46":{"start":{"line":84,"column":6},"end":{"line":84,"column":54}},"47":{"start":{"line":85,"column":6},"end":{"line":85,"column":28}},"48":{"start":{"line":86,"column":6},"end":{"line":86,"column":28}},"49":{"start":{"line":89,"column":6},"end":{"line":89,"column":27}},"50":{"start":{"line":92,"column":4},"end":{"line":92,"column":54}},"51":{"start":{"line":94,"column":4},"end":{"line":99,"column":5}},"52":{"start":{"line":95,"column":6},"end":{"line":97,"column":7}},"53":{"start":{"line":96,"column":8},"end":{"line":96,"column":64}},"54":{"start":{"line":98,"column":6},"end":{"line":98,"column":32}},"55":{"start":{"line":102,"column":4},"end":{"line":105,"column":5}},"56":{"start":{"line":103,"column":6},"end":{"line":103,"column":85}},"57":{"start":{"line":104,"column":6},"end":{"line":104,"column":55}},"58":{"start":{"line":107,"column":4},"end":{"line":110,"column":5}},"59":{"start":{"line":108,"column":6},"end":{"line":108,"column":92}},"60":{"start":{"line":109,"column":6},"end":{"line":109,"column":58}},"61":{"start":{"line":112,"column":4},"end":{"line":115,"column":5}},"62":{"start":{"line":113,"column":6},"end":{"line":113,"column":113}},"63":{"start":{"line":114,"column":6},"end":{"line":114,"column":50}},"64":{"start":{"line":117,"column":4},"end":{"line":120,"column":5}},"65":{"start":{"line":118,"column":6},"end":{"line":118,"column":51}},"66":{"start":{"line":119,"column":6},"end":{"line":119,"column":13}},"67":{"start":{"line":122,"column":4},"end":{"line":122,"column":50}},"68":{"start":{"line":124,"column":4},"end":{"line":124,"column":21}},"69":{"start":{"line":125,"column":4},"end":{"line":125,"column":25}},"70":{"start":{"line":126,"column":4},"end":{"line":126,"column":39}},"71":{"start":{"line":128,"column":4},"end":{"line":128,"column":79}},"72":{"start":{"line":130,"column":4},"end":{"line":134,"column":5}},"73":{"start":{"line":131,"column":6},"end":{"line":131,"column":34}},"74":{"start":{"line":133,"column":6},"end":{"line":133,"column":44}},"75":{"start":{"line":136,"column":4},"end":{"line":138,"column":5}},"76":{"start":{"line":137,"column":6},"end":{"line":137,"column":19}},"77":{"start":{"line":142,"column":2},"end":{"line":142,"column":26}},"78":{"start":{"line":145,"column":2},"end":{"line":147,"column":4}},"79":{"start":{"line":146,"column":4},"end":{"line":146,"column":33}},"80":{"start":{"line":149,"column":2},"end":{"line":151,"column":4}},"81":{"start":{"line":150,"column":4},"end":{"line":150,"column":145}},"82":{"start":{"line":153,"column":2},"end":{"line":430,"column":4}},"83":{"start":{"line":156,"column":6},"end":{"line":158,"column":7}},"84":{"start":{"line":157,"column":8},"end":{"line":157,"column":33}},"85":{"start":{"line":159,"column":6},"end":{"line":159,"column":59}},"86":{"start":{"line":168,"column":6},"end":{"line":168,"column":35}},"87":{"start":{"line":170,"column":6},"end":{"line":181,"column":7}},"88":{"start":{"line":171,"column":8},"end":{"line":171,"column":45}},"89":{"start":{"line":175,"column":8},"end":{"line":175,"column":67}},"90":{"start":{"line":176,"column":8},"end":{"line":180,"column":9}},"91":{"start":{"line":177,"column":10},"end":{"line":177,"column":40}},"92":{"start":{"line":179,"column":10},"end":{"line":179,"column":44}},"93":{"start":{"line":189,"column":6},"end":{"line":189,"column":73}},"94":{"start":{"line":190,"column":6},"end":{"line":190,"column":44}},"95":{"start":{"line":191,"column":6},"end":{"line":191,"column":22}},"96":{"start":{"line":192,"column":6},"end":{"line":200,"column":8}},"97":{"start":{"line":193,"column":8},"end":{"line":193,"column":17}},"98":{"start":{"line":194,"column":8},"end":{"line":198,"column":9}},"99":{"start":{"line":195,"column":10},"end":{"line":195,"column":46}},"100":{"start":{"line":197,"column":10},"end":{"line":197,"column":27}},"101":{"start":{"line":199,"column":8},"end":{"line":199,"column":34}},"102":{"start":{"line":201,"column":6},"end":{"line":201,"column":17}},"103":{"start":{"line":212,"column":6},"end":{"line":212,"column":52}},"104":{"start":{"line":213,"column":6},"end":{"line":213,"column":23}},"105":{"start":{"line":215,"column":6},"end":{"line":233,"column":7}},"106":{"start":{"line":216,"column":8},"end":{"line":220,"column":9}},"107":{"start":{"line":217,"column":10},"end":{"line":217,"column":57}},"108":{"start":{"line":218,"column":15},"end":{"line":220,"column":9}},"109":{"start":{"line":219,"column":10},"end":{"line":219,"column":56}},"110":{"start":{"line":222,"column":8},"end":{"line":222,"column":24}},"111":{"start":{"line":223,"column":8},"end":{"line":223,"column":81}},"112":{"start":{"line":226,"column":8},"end":{"line":231,"column":10}},"113":{"start":{"line":227,"column":10},"end":{"line":227,"column":64}},"114":{"start":{"line":228,"column":10},"end":{"line":228,"column":37}},"115":{"start":{"line":229,"column":10},"end":{"line":229,"column":48}},"116":{"start":{"line":230,"column":10},"end":{"line":230,"column":50}},"117":{"start":{"line":232,"column":8},"end":{"line":232,"column":60}},"118":{"start":{"line":235,"column":6},"end":{"line":235,"column":51}},"119":{"start":{"line":237,"column":6},"end":{"line":247,"column":7}},"120":{"start":{"line":240,"column":8},"end":{"line":244,"column":9}},"121":{"start":{"line":241,"column":10},"end":{"line":241,"column":81}},"122":{"start":{"line":243,"column":10},"end":{"line":243,"column":54}},"123":{"start":{"line":246,"column":8},"end":{"line":246,"column":41}},"124":{"start":{"line":249,"column":6},"end":{"line":251,"column":7}},"125":{"start":{"line":250,"column":8},"end":{"line":250,"column":72}},"126":{"start":{"line":253,"column":6},"end":{"line":253,"column":40}},"127":{"start":{"line":255,"column":6},"end":{"line":255,"column":80}},"128":{"start":{"line":262,"column":6},"end":{"line":262,"column":22}},"129":{"start":{"line":264,"column":6},"end":{"line":264,"column":49}},"130":{"start":{"line":265,"column":6},"end":{"line":270,"column":9}},"131":{"start":{"line":266,"column":8},"end":{"line":268,"column":9}},"132":{"start":{"line":267,"column":10},"end":{"line":267,"column":36}},"133":{"start":{"line":269,"column":8},"end":{"line":269,"column":34}},"134":{"start":{"line":279,"column":6},"end":{"line":283,"column":7}},"135":{"start":{"line":280,"column":8},"end":{"line":280,"column":20}},"136":{"start":{"line":282,"column":8},"end":{"line":282,"column":58}},"137":{"start":{"line":294,"column":6},"end":{"line":296,"column":7}},"138":{"start":{"line":295,"column":8},"end":{"line":295,"column":25}},"139":{"start":{"line":297,"column":6},"end":{"line":304,"column":7}},"140":{"start":{"line":298,"column":8},"end":{"line":300,"column":9}},"141":{"start":{"line":299,"column":10},"end":{"line":299,"column":135}},"142":{"start":{"line":301,"column":8},"end":{"line":301,"column":53}},"143":{"start":{"line":303,"column":8},"end":{"line":303,"column":27}},"144":{"start":{"line":311,"column":6},"end":{"line":313,"column":7}},"145":{"start":{"line":312,"column":8},"end":{"line":312,"column":32}},"146":{"start":{"line":325,"column":6},"end":{"line":325,"column":18}},"147":{"start":{"line":326,"column":6},"end":{"line":326,"column":22}},"148":{"start":{"line":327,"column":6},"end":{"line":327,"column":48}},"149":{"start":{"line":328,"column":6},"end":{"line":328,"column":32}},"150":{"start":{"line":330,"column":6},"end":{"line":354,"column":7}},"151":{"start":{"line":331,"column":8},"end":{"line":331,"column":63}},"152":{"start":{"line":333,"column":8},"end":{"line":353,"column":9}},"153":{"start":{"line":334,"column":10},"end":{"line":334,"column":57}},"154":{"start":{"line":335,"column":10},"end":{"line":335,"column":79}},"155":{"start":{"line":336,"column":10},"end":{"line":336,"column":91}},"156":{"start":{"line":337,"column":10},"end":{"line":341,"column":11}},"157":{"start":{"line":338,"column":12},"end":{"line":338,"column":31}},"158":{"start":{"line":340,"column":12},"end":{"line":340,"column":41}},"159":{"start":{"line":342,"column":10},"end":{"line":345,"column":11}},"160":{"start":{"line":344,"column":12},"end":{"line":344,"column":44}},"161":{"start":{"line":346,"column":10},"end":{"line":348,"column":11}},"162":{"start":{"line":347,"column":12},"end":{"line":347,"column":72}},"163":{"start":{"line":349,"column":10},"end":{"line":351,"column":11}},"164":{"start":{"line":350,"column":12},"end":{"line":350,"column":40}},"165":{"start":{"line":352,"column":10},"end":{"line":352,"column":32}},"166":{"start":{"line":356,"column":6},"end":{"line":356,"column":40}},"167":{"start":{"line":357,"column":6},"end":{"line":359,"column":7}},"168":{"start":{"line":358,"column":8},"end":{"line":358,"column":52}},"169":{"start":{"line":368,"column":6},"end":{"line":377,"column":7}},"170":{"start":{"line":369,"column":8},"end":{"line":369,"column":27}},"171":{"start":{"line":371,"column":8},"end":{"line":376,"column":9}},"172":{"start":{"line":373,"column":10},"end":{"line":373,"column":17}},"173":{"start":{"line":375,"column":10},"end":{"line":375,"column":40}},"174":{"start":{"line":381,"column":6},"end":{"line":381,"column":38}},"175":{"start":{"line":382,"column":6},"end":{"line":384,"column":7}},"176":{"start":{"line":383,"column":8},"end":{"line":383,"column":41}},"177":{"start":{"line":386,"column":6},"end":{"line":386,"column":26}},"178":{"start":{"line":387,"column":6},"end":{"line":389,"column":7}},"179":{"start":{"line":388,"column":8},"end":{"line":388,"column":26}},"180":{"start":{"line":398,"column":6},"end":{"line":398,"column":22}},"181":{"start":{"line":399,"column":6},"end":{"line":408,"column":9}},"182":{"start":{"line":406,"column":10},"end":{"line":406,"column":32}},"183":{"start":{"line":417,"column":6},"end":{"line":419,"column":7}},"184":{"start":{"line":418,"column":8},"end":{"line":418,"column":79}},"185":{"start":{"line":423,"column":6},"end":{"line":427,"column":7}},"186":{"start":{"line":424,"column":8},"end":{"line":426,"column":9}},"187":{"start":{"line":425,"column":10},"end":{"line":425,"column":76}},"188":{"start":{"line":438,"column":2},"end":{"line":496,"column":4}},"189":{"start":{"line":439,"column":4},"end":{"line":439,"column":25}},"190":{"start":{"line":440,"column":4},"end":{"line":440,"column":26}},"191":{"start":{"line":441,"column":4},"end":{"line":441,"column":41}},"192":{"start":{"line":442,"column":4},"end":{"line":442,"column":43}},"193":{"start":{"line":443,"column":4},"end":{"line":443,"column":37}},"194":{"start":{"line":444,"column":4},"end":{"line":444,"column":23}},"195":{"start":{"line":445,"column":4},"end":{"line":445,"column":35}},"196":{"start":{"line":446,"column":4},"end":{"line":446,"column":28}},"197":{"start":{"line":448,"column":4},"end":{"line":454,"column":5}},"198":{"start":{"line":449,"column":6},"end":{"line":449,"column":110}},"199":{"start":{"line":450,"column":6},"end":{"line":450,"column":32}},"200":{"start":{"line":451,"column":6},"end":{"line":451,"column":25}},"201":{"start":{"line":452,"column":6},"end":{"line":452,"column":30}},"202":{"start":{"line":453,"column":6},"end":{"line":453,"column":13}},"203":{"start":{"line":456,"column":4},"end":{"line":460,"column":5}},"204":{"start":{"line":457,"column":6},"end":{"line":459,"column":7}},"205":{"start":{"line":458,"column":8},"end":{"line":458,"column":54}},"206":{"start":{"line":462,"column":4},"end":{"line":462,"column":44}},"207":{"start":{"line":463,"column":4},"end":{"line":463,"column":49}},"208":{"start":{"line":465,"column":4},"end":{"line":489,"column":5}},"209":{"start":{"line":466,"column":6},"end":{"line":466,"column":46}},"210":{"start":{"line":467,"column":6},"end":{"line":467,"column":23}},"211":{"start":{"line":468,"column":6},"end":{"line":479,"column":7}},"212":{"start":{"line":469,"column":8},"end":{"line":469,"column":56}},"213":{"start":{"line":470,"column":8},"end":{"line":478,"column":9}},"214":{"start":{"line":471,"column":10},"end":{"line":475,"column":11}},"215":{"start":{"line":472,"column":12},"end":{"line":472,"column":52}},"216":{"start":{"line":474,"column":12},"end":{"line":474,"column":51}},"217":{"start":{"line":477,"column":10},"end":{"line":477,"column":44}},"218":{"start":{"line":480,"column":6},"end":{"line":482,"column":7}},"219":{"start":{"line":481,"column":8},"end":{"line":481,"column":34}},"220":{"start":{"line":484,"column":6},"end":{"line":486,"column":7}},"221":{"start":{"line":485,"column":8},"end":{"line":485,"column":37}},"222":{"start":{"line":488,"column":6},"end":{"line":488,"column":34}},"223":{"start":{"line":491,"column":4},"end":{"line":495,"column":5}},"224":{"start":{"line":492,"column":6},"end":{"line":492,"column":32}},"225":{"start":{"line":494,"column":6},"end":{"line":494,"column":30}},"226":{"start":{"line":498,"column":2},"end":{"line":591,"column":4}},"227":{"start":{"line":503,"column":6},"end":{"line":503,"column":27}},"228":{"start":{"line":507,"column":6},"end":{"line":509,"column":7}},"229":{"start":{"line":508,"column":8},"end":{"line":508,"column":28}},"230":{"start":{"line":511,"column":6},"end":{"line":511,"column":135}},"231":{"start":{"line":512,"column":6},"end":{"line":512,"column":22}},"232":{"start":{"line":513,"column":6},"end":{"line":515,"column":9}},"233":{"start":{"line":514,"column":8},"end":{"line":514,"column":37}},"234":{"start":{"line":519,"column":6},"end":{"line":519,"column":30}},"235":{"start":{"line":528,"column":6},"end":{"line":528,"column":29}},"236":{"start":{"line":530,"column":6},"end":{"line":530,"column":41}},"237":{"start":{"line":532,"column":6},"end":{"line":532,"column":16}},"238":{"start":{"line":533,"column":6},"end":{"line":533,"column":33}},"239":{"start":{"line":535,"column":6},"end":{"line":541,"column":7}},"240":{"start":{"line":536,"column":8},"end":{"line":540,"column":9}},"241":{"start":{"line":537,"column":10},"end":{"line":537,"column":72}},"242":{"start":{"line":539,"column":10},"end":{"line":539,"column":57}},"243":{"start":{"line":543,"column":6},"end":{"line":543,"column":41}},"244":{"start":{"line":544,"column":6},"end":{"line":544,"column":47}},"245":{"start":{"line":545,"column":6},"end":{"line":545,"column":30}},"246":{"start":{"line":546,"column":6},"end":{"line":546,"column":19}},"247":{"start":{"line":555,"column":6},"end":{"line":557,"column":27}},"248":{"start":{"line":559,"column":6},"end":{"line":561,"column":7}},"249":{"start":{"line":560,"column":8},"end":{"line":560,"column":73}},"250":{"start":{"line":563,"column":6},"end":{"line":570,"column":7}},"251":{"start":{"line":564,"column":8},"end":{"line":564,"column":28}},"252":{"start":{"line":565,"column":8},"end":{"line":568,"column":9}},"253":{"start":{"line":566,"column":10},"end":{"line":566,"column":70}},"254":{"start":{"line":567,"column":10},"end":{"line":567,"column":76}},"255":{"start":{"line":569,"column":8},"end":{"line":569,"column":40}},"256":{"start":{"line":571,"column":6},"end":{"line":571,"column":37}},"257":{"start":{"line":572,"column":6},"end":{"line":572,"column":44}},"258":{"start":{"line":579,"column":6},"end":{"line":580,"column":27}},"259":{"start":{"line":581,"column":6},"end":{"line":587,"column":7}},"260":{"start":{"line":582,"column":8},"end":{"line":582,"column":21}},"261":{"start":{"line":583,"column":8},"end":{"line":585,"column":9}},"262":{"start":{"line":584,"column":10},"end":{"line":584,"column":59}},"263":{"start":{"line":586,"column":8},"end":{"line":586,"column":24}},"264":{"start":{"line":589,"column":6},"end":{"line":589,"column":19}},"265":{"start":{"line":593,"column":2},"end":{"line":601,"column":3}},"266":{"start":{"line":594,"column":4},"end":{"line":594,"column":30}},"267":{"start":{"line":595,"column":9},"end":{"line":601,"column":3}},"268":{"start":{"line":596,"column":4},"end":{"line":598,"column":7}},"269":{"start":{"line":597,"column":6},"end":{"line":597,"column":22}},"270":{"start":{"line":600,"column":4},"end":{"line":600,"column":31}}},"branchMap":{"1":{"line":5,"type":"if","locations":[{"start":{"line":5,"column":2},"end":{"line":5,"column":2}},{"start":{"line":5,"column":2},"end":{"line":5,"column":2}}]},"2":{"line":5,"type":"binary-expr","locations":[{"start":{"line":5,"column":6},"end":{"line":5,"column":36}},{"start":{"line":5,"column":40},"end":{"line":5,"column":56}}]},"3":{"line":14,"type":"if","locations":[{"start":{"line":14,"column":4},"end":{"line":14,"column":4}},{"start":{"line":14,"column":4},"end":{"line":14,"column":4}}]},"4":{"line":17,"type":"if","locations":[{"start":{"line":17,"column":6},"end":{"line":17,"column":6}},{"start":{"line":17,"column":6},"end":{"line":17,"column":6}}]},"5":{"line":34,"type":"if","locations":[{"start":{"line":34,"column":4},"end":{"line":34,"column":4}},{"start":{"line":34,"column":4},"end":{"line":34,"column":4}}]},"6":{"line":34,"type":"binary-expr","locations":[{"start":{"line":34,"column":8},"end":{"line":34,"column":20}},{"start":{"line":34,"column":24},"end":{"line":34,"column":54}}]},"7":{"line":39,"type":"if","locations":[{"start":{"line":39,"column":6},"end":{"line":39,"column":6}},{"start":{"line":39,"column":6},"end":{"line":39,"column":6}}]},"8":{"line":56,"type":"if","locations":[{"start":{"line":56,"column":4},"end":{"line":56,"column":4}},{"start":{"line":56,"column":4},"end":{"line":56,"column":4}}]},"9":{"line":56,"type":"binary-expr","locations":[{"start":{"line":56,"column":7},"end":{"line":56,"column":12}},{"start":{"line":56,"column":16},"end":{"line":56,"column":43}}]},"10":{"line":60,"type":"if","locations":[{"start":{"line":60,"column":4},"end":{"line":60,"column":4}},{"start":{"line":60,"column":4},"end":{"line":60,"column":4}}]},"11":{"line":65,"type":"binary-expr","locations":[{"start":{"line":65,"column":18},"end":{"line":65,"column":32}},{"start":{"line":65,"column":36},"end":{"line":65,"column":38}}]},"12":{"line":73,"type":"binary-expr","locations":[{"start":{"line":73,"column":17},"end":{"line":73,"column":30}},{"start":{"line":73,"column":34},"end":{"line":73,"column":36}}]},"13":{"line":75,"type":"binary-expr","locations":[{"start":{"line":75,"column":20},"end":{"line":75,"column":36}},{"start":{"line":75,"column":40},"end":{"line":75,"column":73}}]},"14":{"line":77,"type":"binary-expr","locations":[{"start":{"line":77,"column":24},"end":{"line":77,"column":41}},{"start":{"line":77,"column":45},"end":{"line":77,"column":63}}]},"15":{"line":80,"type":"cond-expr","locations":[{"start":{"line":80,"column":81},"end":{"line":80,"column":95}},{"start":{"line":80,"column":98},"end":{"line":80,"column":123}}]},"16":{"line":82,"type":"if","locations":[{"start":{"line":82,"column":4},"end":{"line":82,"column":4}},{"start":{"line":82,"column":4},"end":{"line":82,"column":4}}]},"17":{"line":92,"type":"binary-expr","locations":[{"start":{"line":92,"column":24},"end":{"line":92,"column":44}},{"start":{"line":92,"column":48},"end":{"line":92,"column":53}}]},"18":{"line":94,"type":"if","locations":[{"start":{"line":94,"column":4},"end":{"line":94,"column":4}},{"start":{"line":94,"column":4},"end":{"line":94,"column":4}}]},"19":{"line":95,"type":"if","locations":[{"start":{"line":95,"column":6},"end":{"line":95,"column":6}},{"start":{"line":95,"column":6},"end":{"line":95,"column":6}}]},"20":{"line":102,"type":"if","locations":[{"start":{"line":102,"column":4},"end":{"line":102,"column":4}},{"start":{"line":102,"column":4},"end":{"line":102,"column":4}}]},"21":{"line":107,"type":"if","locations":[{"start":{"line":107,"column":4},"end":{"line":107,"column":4}},{"start":{"line":107,"column":4},"end":{"line":107,"column":4}}]},"22":{"line":112,"type":"if","locations":[{"start":{"line":112,"column":4},"end":{"line":112,"column":4}},{"start":{"line":112,"column":4},"end":{"line":112,"column":4}}]},"23":{"line":117,"type":"if","locations":[{"start":{"line":117,"column":4},"end":{"line":117,"column":4}},{"start":{"line":117,"column":4},"end":{"line":117,"column":4}}]},"24":{"line":130,"type":"if","locations":[{"start":{"line":130,"column":4},"end":{"line":130,"column":4}},{"start":{"line":130,"column":4},"end":{"line":130,"column":4}}]},"25":{"line":130,"type":"binary-expr","locations":[{"start":{"
[...]
loadSheets: function(data) {","      var i, ilen;","      var toLoad = [];","      this.googleSheetName = data.feed.title.$t;","      this.foundSheetNames = [];","","      for (i = 0, ilen = data.feed.entry.length; i < ilen ; i++) {","        this.foundSheetNames.push(data.feed.entry[i].title.$t);","        // Only pull in desired sheets to reduce loading","        if (this.isWanted(data.feed.entry[i].content.$t)) {","          var linkIdx = data.feed.entry[i].link.length-1;","          var sheetId = data.feed.entry[i].link[linkIdx].href.split('/').pop();","          var jsonPath = '/feeds/list/' + this.key + '/' + sheetId + '/public/values?alt=';","          if (inNodeJS || supportsCORS) {","            jsonPath += 'json';","          } else {","            jsonPath += 'json-in-script';","          }","          if (this.query) {","            // Query Language Reference (0.7)","            jsonPath += '&tq=' + this.query;","          }","          if (this.orderby) {","            jsonPath += '&orderby=column:' + this.orderby.toLowerCase();","          }","          if (this.reverse) {","            jsonPath += '&reverse=true';","          }","          toLoad.push(jsonPath);","        }","      }","","      this.sheetsToLoad = toLoad.length;","      for(i = 0, ilen = toLoad.length; i < ilen; i++) {","        this.requestData(toLoad[i], this.loadSheet);","      }","    },","","    /*","      Access layer for the this.models","      .sheets() gets you all of the sheets","      .sheets('Sheet1') gets you the sheet named Sheet1","    */","    sheets: function(sheetName) {","      if (typeof sheetName === 'undefined') {","        return this.models;","      } else {","        if (typeof(this.models[sheetName]) === 'undefined') {","          // alert( \"Can't find \" + sheetName );","          return;","        } else {","          return this.models[sheetName];","        }","      }","    },","","    sheetReady: function(model) {","      this.models[model.name] = model;","      if (ttIndexOf(this.modelNames, model.name) === -1) {","        this.modelNames.push(model.name);","      }","      ","      this.sheetsToLoad--;","      if (this.sheetsToLoad === 0) {","        this.doCallback();","      }","    },","    ","    /*","      Parse a single list-based worksheet, turning it into a Tabletop Model","","      Used as a callback for the list-based JSON","    */","    loadSheet: function(data) {","      var that = this;","      new Tabletop.Model({ ","        data: data, ","        parseNumbers: this.parseNumbers,","        postProcess: this.postProcess,","        tabletop: this,","        prettyColumnNames: this.prettyColumnNames,","        onReady: function() {","          that.sheetReady(this);","        } ","      });","    },","","    /*","      Execute the callback upon loading! Rely on this.data() because you might","        only request certain pieces of data (i.e. simpleSheet mode)","      Tests this.sheetsToLoad just in case a race condition happens to show up","    */","    doCallback: function() {","      if(this.sheetsToLoad === 0) {","        this.callback.apply(this.callbackContext || this, [this.data(), this]);","      }","    },","","    log: function() {","      if(this.debug) {","        if(typeof console !== 'undefined' && typeof console.log !== 'undefined') {","          Function.prototype.apply.apply(console.log, [console, arguments]);","        }","      }","    }","","  };","","  /*","    Tabletop.Model stores the attribute names and parses the worksheet data","      to turn it into something worthwhile","","    Options should be in the format { data: XXX }, with XXX being the list-based worksheet","  */","  Tabletop.Model = function(options) {","    var i, j, ilen, jlen;","    this.columnNames = [];","    this.column_names = this.columnNames; // jshint ignore:line","    this.name = options.data.feed.title.$t;","    this.tabletop = options.tabletop;","    this.elements = [];","    this.onReady = options.onReady;","    this.raw = options.data; // A copy of the sheet's raw data, for accessing minutiae","","    if (typeof(options.data.feed.entry) === 'undefined') {","      options.tabletop.log('Missing data for ' + this.name + ', make sure you didn\\'t forget column headers');","      this.originalColumns = [];","      this.elements = [];","      this.onReady.call(this);","      return;","    }","    ","    for (var key in options.data.feed.entry[0]){","      if (/^gsx/.test(key)) {","        this.columnNames.push(key.replace('gsx$',''));","      }","    }","","    this.originalColumns = this.columnNames;","    this.original_columns = this.originalColumns; // jshint ignore:line","    ","    for (i = 0, ilen =  options.data.feed.entry.length ; i < ilen; i++) {","      var source = options.data.feed.entry[i];","      var element = {};","      for (j = 0, jlen = this.columnNames.length; j < jlen ; j++) {","        var cell = source['gsx$' + this.columnNames[j]];","        if (typeof(cell) !== 'undefined') {","          if (options.parseNumbers && cell.$t !== '' && !isNaN(cell.$t)) {","            element[this.columnNames[j]] = +cell.$t;","          } else {","            element[this.columnNames[j]] = cell.$t;","          }","        } else {","          element[this.columnNames[j]] = '';","        }","      }","      if (element.rowNumber === undefined) {","        element.rowNumber = i + 1;","      }","        ","      if (options.postProcess) {","        options.postProcess(element);","      }","        ","      this.elements.push(element);","    }","    ","    if (options.prettyColumnNames) {","      this.fetchPrettyColumns();","    } else {","      this.onReady.call(this);","    }","  };","","  Tabletop.Model.prototype = {","    /*","      Returns all of the elements (rows) of the worksheet as objects","    */","    all: function() {","      return this.elements;","    },","    ","    fetchPrettyColumns: function() {","      if (!this.raw.feed.link[3]) {","        return this.ready();","      }","        ","      var cellurl = this.raw.feed.link[3].href.replace('/feeds/list/', '/feeds/cells/').replace('https://spreadsheets.google.com', '');","      var that = this;","      this.tabletop.requestData(cellurl, function(data) {","        that.loadPrettyColumns(data);","      });","    },","    ","    ready: function() {","      this.onReady.call(this);","    },","    ","    /*","     * Store column names as an object","     * with keys of Google-formatted \"columnName\"","     * and values of human-readable \"Column name\"","     */","    loadPrettyColumns: function(data) {","      var prettyColumns = {};","","      var columnNames = this.columnNames;","","      var i = 0;","      var l = columnNames.length;","","      for (; i < l; i++) {","        if (typeof data.feed.entry[i].content.$t !== 'undefined') {","          prettyColumns[columnNames[i]] = data.feed.entry[i].content.$t;","        } else {","          prettyColumns[columnNames[i]] = columnNames[i];","        }","      }","","      this.prettyColumns = prettyColumns;","      this.pretty_columns = this.prettyColumns; // jshint ignore:line","      this.prettifyElements();","      this.ready();","    },","    ","    /*","     * Go through each row, substitutiting","     * Google-formatted \"columnName\"","     * with human-readable \"Column name\"","     */","    prettifyElements: function() {","      var prettyElements = [],","          orderedPrettyNames = [],","          i, j, ilen, jlen;","","      for (j = 0, jlen = this.columnNames.length; j < jlen ; j++) {","        orderedPrettyNames.push(this.prettyColumns[this.columnNames[j]]);","      }","","      for (i = 0, ilen = this.elements.length; i < ilen; i++) {","        var newElement = {};","        for (j = 0, jlen = this.columnNames.length; j < jlen ; j++) {","          var newColumnName = this.prettyColumns[this.columnNames[j]];","          newElement[newColumnName] = this.elements[i][this.columnNames[j]];","        }","        prettyElements.push(newElement);","      }","      this.elements = prettyElements;","      this.columnNames = orderedPrettyNames;","    },","","    /*","      Return the elements as an array of arrays, instead of an array of objects","    */","    toArray: function() {","      var array = [],","          i, j, ilen, jlen;","      for (i = 0, ilen = this.elements.length; i < ilen; i++) {","        var row = [];","        for (j = 0, jlen = this.columnNames.length; j < jlen ; j++) {","          row.push(this.elements[i][ this.columnNames[j]]);","        }","        array.push(row);","      }","      ","      return array;","    }","  };","","  if(typeof module !== 'undefined' && module.exports) { //don't just use inNodeJS, we may be in Browserify","    module.exports = Tabletop;","  } else if (typeof define === 'function' && define.amd) {","    define(function () {","      return Tabletop;","    });","  } else {","    window.Tabletop = Tabletop;","  }","","})();"],"l":{"1":1,"4":1,"5":1,"6":1,"7":1,"10":1,"11":1,"12":1,"13":1,"14":0,"15":0,"17":0,"18":0,"19":0,"30":1,"31":1,"32":0,"34":0,"35":0,"38":0,"39":0,"40":0,"43":0,"54":1,"56":0,"57":0,"60":0,"61":0,"64":0,"65":0,"66":0,"67":0,"68":0,"69":0,"70":0,"71":0,"72":0,"73":0,"74":0,"75":0,"76":0,"77":0,"78":0,"80":0,"82":0,"84":0,"85":0,"86":0,"89":0,"92":0,"94":0,"95":0,"96":0,"98":0,"102":0,"103":0,"104":0,"107":0,"108":0,"109":0,"112":0,"113":0,"114":0,"117":0,"118":0,"119":0,"122":0,"124":0,"125":0,"126":0,"128":0,"130":0,"131":0,"133":0,"136":0,"137":0,"142":1,"145":1,"146":0,"149":1,"150":0,"153":1,"156":0,"157":0,"159":0,"168":0,"170":0,"171":0,"175":0,"176":0,"177":0,"179":0,"189":0,"190":0,"191":0,"192":0,"193":0,"194":0,"195":0,"197":0,"199":0,"201":0,"212":0,"213":0,"215":0,"216":0,"217":0,"218":0,"219":0,"222":0,"223":0,"226":0,"227":0,"228":0,"229":0,"230":0,"232":0,"235":0,"237":0,"240":0,"241":0,"243":0,"246":0,"249":0,"250":0,"253":0,"255":0,"262":0,"264":0,"265":0,"266":0,"267":0,"269":0,"279":0,"280":0,"282":0,"294":0,"295":0,"297":0,"298":0,"299":0,"301":0,"303":0,"311":0,"312":0,"325":0,"326":0,"327":0,"328":0,"330":0,"331":0,"333":0,"334":0,"335":0,"336":0,"337":0,"338":0,"340":0,"342":0,"344":0,"346":0,"347":0,"349":0,"350":0,"352":0,"356":0,"357":0,"358":0,"368":0,"369":0,"371":0,"373":0,"375":0,"381":0,"382":0,"383":0,"386":0,"387":0,"388":0,"398":0,"399":0,"406":0,"417":0,"418":0,"423":0,"424":0,"425":0,"438":1,"439":0,"440":0,"441":0,"442":0,"443":0,"444":0,"445":0,"446":0,"448":0,"449":0,"450":0,"451":0,"452":0,"453":0,"456":0,"457":0,"458":0,"462":0,"463":0,"465":0,"466":0,"467":0,"468":0,"469":0,"470":0,"471":0,"472":0,"474":0,"477":0,"480":0,"481":0,"484":0,"485":0,"488":0,"491":0,"492":0,"494":0,"498":1,"503":0,"507":0,"508":0,"511":0,"512":0,"513":0,"514":0,"519":0,"528":0,"530":0,"532":0,"533":0,"535":0,"536":0,"537":0,"539":0,"543":0,"544":0,"545":0,"546":0,"555":0,"559":0,"560":0,"563":0,"564":0,"565":0,"566":0,"567":0,"569":0,"571":0,"572":0,"579":0,"581":0,"582":0,"583":0,"584":0,"586":0,"589":0,"593":1,"594":1,"595":0,"596":0,"597":0,"600":0}},"/home/travis/build/npmtest/node-npmtest-tabletop/node_modules/tabletop/Gruntfile.js":{"path":"/home/travis/build/npmtest/node-npmtest-tabletop/node_modules/tabletop/Gruntfile.js","s":{"1":1,"2":0,"3":0,"4":0,"5":0,"6":0},"b":{},"f":{"1":0},"fnMap":{"1":{"name":"(anonymous_1)","line":3,"loc":{"start":{"line":3,"column":17},"end":{"line":3,"column":33}}}},"statementMap":{"1":{"start":{"line":3,"column":0},"end":{"line":51,"column":2}},"2":{"start":{"line":4,"column":2},"end":{"line":4,"column":46}},"3":{"start":{"line":5,"column":2},"end":{"line":5,"column":45}},"4":{"start":{"line":6,"column":2},"end":{"line":6,"column":45}},"5":{"start":{"line":8,"column":2},"end":{"line":48,"column":5}},"6":{"start":{"line":50,"column":2},"end":{"line":50,"column":65}}},"branchMap":{},"code":["'use strict';","","module.exports = function(grunt) {","  grunt.loadNpmTasks('grunt-contrib-connect');","  grunt.loadNpmTasks('grunt-contrib-jshint');","  grunt.loadNpmTasks('grunt-contrib-uglify');","","  grunt.initConfig({","    uglify: {","      options: {","          mangle: false,","          quoteStyle: 1","      },","      tabletop: {","        files: {","          'src/tabletop.min.js': ['src/tabletop.js']","        }","      }","    },","    connect: {","      testing: {","        options: {","          port: 8080","        }","      },","      secure: {","        options: {","          port: 8081,","          keepalive: true,","          protocol: 'https'","        }","      }","    },","    // Make sure code styles are up to par and there are no obvious mistakes","    jshint: {","      options: {","        jshintrc: '.jshintrc',","        reporter: require('jshint-stylish')","      },","      all: {","        src: [","          'Gruntfile.js',","          'src/{,*/}*.js',","          '!src/{,*/}*.min.js',","        ]","      }","    }","  });","","  grunt.registerTask('default', ['jshint', 'uglify', 'connect']);","};"],"l":{"3":1,"4":0,"5":0,"6":0,"8":0,"50":0}},"/home/travis/build/npmtest/node-npmtest-tabletop/node_modules/tabletop/src/backbone.tabletopSync.js":{"path":"/home/travis/build/npmtest/node-npmtest-tabletop/node_modules/tabletop/src/backbone.tabletopSync.js","s":{"1":2,"2":0,"3":0,"4":0,"5":0,"6":0,"7":0,"8":0,"9":0,"10":0,"11":0,"12":0,"13":0,"14":0,"15":0,"16":0,"17":0,"18":0,"19":0,"20":0,"21":0,"22":0,"23":0,"24":0,"25":0,"26":0,"27":0,"28":0,"29":0},"b":{"1":[0,0],"2":[0,0],"3":[0,0],"4":[0,0],"5":[0,0],"6":[0,0],"7":[0,0],"8":[0,0],"9":[0,0],"10":[0,0]},"f":{"1":0,"2":0,"3":0},"fnMap":{"1":{"name":"(anonymous_1)","line":13,"loc":{"start":{"line":13,"column":24},"end":{"line":13,"column":64}}},"2":{"name":"(anonymous_2)","line":51,"loc":{"start":{"line":51,"column":20},"end":{"line":51,"column":31}}},"3":{"name":"(anonymous_3)","line":60,"loc":{"start":{"line":60,"column":36},"end":{"line":60,"column":51}}}},"statementMap":{"1":{"start":{"line":13,"column":0},"end":{"line":77,"column":2}},"2":{"start":{"line":15,"column":2},"end":{"line":20,"column":3}},"3":{"start":{"line":16,"column":4},"end":{"line":19,"column":6}},"4":{"start":{"line":22,"column":2},"end":{"line":22,"column":11}},"5":{"start":{"line":24,"column":2},"end":{"line":24,"column":68}},"6":{"start":{"line":26,"column":2},"end":{"line":26,"column":42}},"7":{"start":{"line":28,"column":2},"end":{"line":35,"column":3}},"8":{"start":{"line":29,"column":4},"end":{"line":31,"column":47}},"9":{"start":{"line":32,"column":4},"end":{"line":32,"column":40}},"10":{"start":{"line":34,"column":4},"end":{"line":34,"column":46}},"11":{"start":{"line":37,"column":2},"end":{"line":39,"column":3}},"12":{"start":{"line":38,"column":4},"end":{"line":38,"column":11}},"13":{"start":{"line":41,"column":2},"end":{"line":41,"column":55}},"14":{"start":{"line":43,"column":2},"end":{"line":55,"column":3}},"15":{"start":{"line":47,"column":4},"end":{"line":49,"column":5}},"16":{"start":{"line":48,"column":6},"end":{"line":48,"column":66}},"17":{"start":{"line":51,"column":4},"end":{"line":53,"column":7}},"18":{"start":{"line":52,"column":6},"end":{"line":52,"column":59}},"19":{"start":{"line":54,"column":4},"end":{"line":54,"column":11}},"20":{"start":{"line":57,"column":2},"end":{"line":69,"column":3}},"21":{"start":{"line":59,"column":6},"end":{"line":65,"column":7}},"22":{"start":{"line":60,"column":8},"end":{"line":62,"column":17}},"23":{"start":{"line":61,"column":10},"end":{"line":61,"column":54}},"24":{"start":{"line":64,"column":8},"end":{"line":64,"column":27}},"25":{"start":{"line":66,"column":6},"end":{"line":66,"column":12}},"26":{"start":{"line":68,"column":6},"end":{"line":68,"column":50}},"27":{"start":{"line":71,"column":2},"end":{"line":75,"column":3}},"28":{"start":{"line":72,"column":4},"end":{"line":72,"column":26}},"29":{"start":{"line":74,"column":4},"end":{"line":74,"column":38}}},"branchMap":{"1":{"line":15,"type":"if","locations":[{"start":{"line":15,"column":2},"end":{"line":15,"column":2}},{"start":{"line":15,"column":2},"end":{"line":15,"column":2}}]},"2":{"line":24,"type":"binary-expr","locations":[{"start":{"line":24,"column":24},"end":{"line":24,"column":38}},{"start":{"line":24,"column":42},"end":{"line":24,"column":67}}]},"3":{"line":28,"type":"if","locations":[{"start":{"line":28,"column":2},"end":{"line":28,"column":2}},{"start":{"line":28,"column":2},"end":{"line":28,"column":2}}]},"4":{"line":37,"type":"if","locations":[{"start":{"line":37,"column":2},"end":{"line":37,"column":2}},{"start":{"line":37,"column":2},"end":{"line":37,"column":2}}]},"5":{"line":43,"type":"if","locations":[{"start":{"line":43,"column":2},"end":{"line":43,"column":2}},{"start":{"line":43,"column":2},"end":{"line":43,"column":2}}]},"6":{"line":47,"type":"if","locations":[{"start":{"line":47,"column":4},"end":{"line":47,"column":4}},{"start":{"line":47,"column":4},"end":{"line":47,"column":4}}]},"7":{"line":47,"type":"binary-expr","locations":[{"start":{"line":47,"column":7},"end":{"line":47,"column":55}},{"start":{"line":47,"column":59},"end":{"line":47,"column":124}}]},"8":{"line":57,"type":"switch","locations":[{"start":{"line":58,"column":4},"end":{"line":66,"column":12}},{"start":{"line":67,"column":4},"end":{"line":68,"column":50}}]},"9":{"line":59,"type":"if","locations":[{"start":{"line":59,"column":6},"end":{"line":59,"column":6}},{"start":{"line":59,"column":6},"end":{"line":59,"column":6}}]},"10":{"line":71,"type":"if","locations":[{"start":{"line":71,"column":2},"end":{"line":71,"column":2}},{"start":{"line":71,"column":2},"end":{"line":71,"column":2}}]}},"code":["/* ","  A drop-in read-only Google-Spreadsheets-backed replacement for Backbone.sync","","  Tabletop must be successfully initialized prior to using fetch()","","  Backbone.tabletopSync only supports the 'read' method, and will fail","    loudly on any other operations","    ","*/","","'use strict';","","Backbone.tabletopSync = function(method, model, options, error) {","  // Backwards compatibility with Backbone <= 0.3.3","  if (typeof options === 'function') {","    options = {","      success: options,","      error: error","    };","  }","  ","  var resp;","","  var tabletopOptions = model.tabletop || model.collection.tabletop;","","  var instance = tabletopOptions.instance;","","  if(typeof(instance) === 'undefined') {","    instance = Tabletop.init( { key: tabletopOptions.key,","                                wanted: [ tabletopOptions.sheet ],","                                wait: true } );","    tabletopOptions.instance = instance;","  } else {","    instance.addWanted(tabletopOptions.sheet);","  }","  ","  if(typeof(tabletopOptions.sheet) === 'undefined') {","    return;","  }","  ","  var sheet = instance.sheets( tabletopOptions.sheet );","","  if(typeof(sheet) === 'undefined') {","    // Hasn't been fetched yet, let's fetch!","    ","    // Let's make sure we aren't re-requesting a sheet that doesn't exist","    if(typeof(instance.foundSheetNames) !== 'undefined' && _.indexOf(instance.foundSheetNames, tabletopOptions.sheet) === -1) {","      throw('Can\\'t seem to find sheet ' + tabletopOptions.sheet);","    }","","    instance.fetch( function() {","      Backbone.tabletopSync(method, model, options, error);","    });","    return;","  }","  ","  switch (method) {","    case 'read':","      if(model.id) {","        resp = _.find( sheet.all(), function(item) {","          return model.id === item[model.idAttribute];","        }, this);","      } else {","        resp = sheet.all();","      }","      break;","    default:","      throw('Backbone.tabletopSync is read-only');","  }","","  if (resp) {","    options.success(resp);","  } else {","    options.error('Record not found');","  }","","};",""],"l":{"13":2,"15":0,"16":0,"22":0,"24":0,"26":0,"28":0,"29":0,"32":0,"34":0,"37":0,"38":0,"41":0,"43":0,"47":0,"48":0,"51":0,"52":0,"54":0,"57":0,"59":0,"60":0,"61":0,"64":0,"66":0,"68":0,"71":0,"72":0,"74":0}}}